[1641317917890] INFO  (ext): SQLTools is starting
[1641317917891] INFO  (ext): initializing language client...
[1641317917893] INFO  (ext): Registering client for languages [{"scheme":"sqltools"},{"language":"sql","scheme":"untitled"},{"language":"sql","scheme":"file"},{"language":"sql","scheme":"sqltools"}]
    ns: "lc"
[1641317917897] INFO  (ext): loading plugins...
[1641317917898] INFO  (ext): registering Formatter Plugin.
    plugin: {
      "name": "Formatter Plugin"
    }
[1641317917898] INFO  (ext): registering Connection Manager Plugin.
    plugin: {
      "name": "Connection Manager Plugin"
    }
[1641317917899] INFO  (ext): registering CodeLens Plugin.
    plugin: {
      "name": "CodeLens Plugin",
      "registeredLanguages": []
    }
[1641317917900] INFO  (ext): registering Dependency Manager Plugin.
    plugin: {
      "name": "Dependency Manager Plugin",
      "installingDrivers": []
    }
[1641317917903] INFO  (ext): Connection explorer changed. Will be updated.
    ns: "conn-man:explorer"
[1641317917903] INFO  (ext): registering History Manager Plugin.
    plugin: {
      "name": "History Manager Plugin"
    }
[1641317917904] INFO  (ext): registering Bookmarks Manager Plugin.
    plugin: {
      "name": "Bookmarks Manager Plugin"
    }
[1641317917905] INFO  (ext): SQLTools activation completed. 15.221573 ms
[1641317917921] INFO  (ext): Formatter Plugin registered!
[1641317917922] INFO  (ext): CodeLens Plugin registered!
[1641317917922] INFO  (ext): Dependency Manager Plugin registered!
[1641317917922] INFO  (ext): Connection Manager Plugin registered!
[1641317917922] INFO  (ext): History Manager Plugin registered!
[1641317917922] INFO  (ext): Bookmarks Manager Plugin registered!
[1641317918343] INFO  (ls): SQLTools Server started!
===============================
Using node runtime?: no
ExecPath: /opt/visual-studio-code/code 
===============================
[1641317918351] INFO  (ls): Telemetry enabled!
    ns: "telemetry"
[1641317918360] INFO  (ext): LanguageClient ready
    ns: "lc"
[1641317918923] INFO  (ext): EXECUTING COMMAND => sqltools.refreshTree
[1641317918923] INFO  (ext): Connection explorer changed. Will be updated.
    ns: "conn-man:explorer"
[1641317919410] INFO  (ext): registering MySQL/MariaDB Plugin (driver).
    plugin: {
      "extensionId": "mtxr.sqltools-driver-mysql",
      "name": "MySQL/MariaDB Plugin",
      "type": "driver"
    }
[1641317919412] INFO  (ls): REQUEST RECEIVED => ls/RegisterPlugin
[1641317919413] INFO  (ls): request to register plugin: "/home/shashank/.vscode/extensions/mtxr.sqltools-driver-mysql-0.2.0/out/ls/plugin.js"
[1641317919706] INFO  (ls): Driver mysql registered!
    place: "driver-map"
    ns: "ls-context"
[1641317919707] INFO  (ls): Driver mariadb registered!
    place: "driver-map"
    ns: "ls-context"
[1641317921038] INFO  (ext): Connection explorer changed. Will be updated.
    ns: "conn-man:explorer"
[1641317921039] INFO  (ext): EXECUTING COMMAND => sqltools.refreshTree
[1641317921040] INFO  (ext): Connection explorer changed. Will be updated.
    ns: "conn-man:explorer"
[1641317921073] INFO  (ext): MySQL/MariaDB Plugin (driver) registered!
[1641317922074] INFO  (ext): EXECUTING COMMAND => sqltools.refreshTree
[1641317922074] INFO  (ext): Connection explorer changed. Will be updated.
    ns: "conn-man:explorer"
[1641317926811] INFO  (ext): Connection explorer changed. Will be updated.
    ns: "conn-man:explorer"
