[2022-01-05 00:41:17.809] [exthost] [info] Extension host with pid 393106 started
[2022-01-05 00:41:17.809] [exthost] [info] Skipping acquiring lock for /home/shashank/.config/Code/User/workspaceStorage/1d8398bd1cedbf0c0ac04b0b8914e569.
[2022-01-05 00:41:17.943] [exthost] [info] ExtensionService#_doActivateExtension vscode.microsoft-authentication, startup: false, activationEvent: 'onAuthenticationRequest:microsoft'
[2022-01-05 00:41:17.956] [exthost] [info] ExtensionService#_doActivateExtension vscode.debug-auto-launch, startup: true, activationEvent: '*'
[2022-01-05 00:41:17.959] [exthost] [info] ExtensionService#_doActivateExtension vscode.git-base, startup: true, activationEvent: '*', root cause: vscode.github
[2022-01-05 00:41:17.962] [exthost] [info] ExtensionService#_doActivateExtension DivyanshuAgrawal.competitive-programming-helper, startup: true, activationEvent: '*'
[2022-01-05 00:41:17.969] [exthost] [info] ExtensionService#_doActivateExtension Janne252.fontawesome-autocomplete, startup: true, activationEvent: '*'
[2022-01-05 00:41:18.031] [exthost] [info] ExtensionService#_doActivateExtension ms-vsliveshare.vsliveshare, startup: true, activationEvent: '*', root cause: ms-vsliveshare.vsliveshare-audio
[2022-01-05 00:41:18.255] [exthost] [info] ExtensionService#_doActivateExtension mtxr.sqltools, startup: true, activationEvent: '*', root cause: mtxr.sqltools-driver-mysql
[2022-01-05 00:41:18.285] [exthost] [info] ExtensionService#_doActivateExtension ritwickdey.LiveServer, startup: true, activationEvent: '*'
[2022-01-05 00:41:19.056] [exthost] [info] ExtensionService#_doActivateExtension vscode.github-authentication, startup: false, activationEvent: 'onAuthenticationRequest:github'
[2022-01-05 00:41:19.465] [exthost] [info] ExtensionService#_doActivateExtension vscode.git, startup: true, activationEvent: '*'
[2022-01-05 00:41:19.482] [exthost] [info] ExtensionService#_doActivateExtension vscode.github, startup: true, activationEvent: '*'
[2022-01-05 00:41:19.485] [exthost] [info] ExtensionService#_doActivateExtension ms-vsliveshare.vsliveshare-audio, startup: true, activationEvent: '*'
[2022-01-05 00:41:19.621] [exthost] [info] ExtensionService#_doActivateExtension mtxr.sqltools-driver-mysql, startup: true, activationEvent: '*'
[2022-01-05 00:41:20.820] [exthost] [info] Eager extensions activated
[2022-01-05 00:41:20.887] [exthost] [info] ExtensionService#_doActivateExtension vscode.emmet, startup: false, activationEvent: 'onStartupFinished'
[2022-01-05 00:41:20.902] [exthost] [info] ExtensionService#_doActivateExtension vscode.merge-conflict, startup: false, activationEvent: 'onStartupFinished'
[2022-01-05 00:41:20.904] [exthost] [info] ExtensionService#_doActivateExtension ms-vscode-remote.remote-containers, startup: false, activationEvent: 'onStartupFinished'
[2022-01-05 00:41:20.939] [exthost] [info] ExtensionService#_doActivateExtension ms-vscode-remote.remote-wsl, startup: false, activationEvent: 'onStartupFinished'
[2022-01-05 00:41:20.944] [exthost] [info] ExtensionService#_doActivateExtension PKief.material-icon-theme, startup: false, activationEvent: 'onStartupFinished'
[2022-01-05 00:41:23.727] [exthost] [info] ExtensionService#_doActivateExtension cschlosser.doxdocgen, startup: false, activationEvent: 'onLanguage:cpp'
[2022-01-05 00:41:23.843] [exthost] [info] ExtensionService#_doActivateExtension ms-vscode.cpptools, startup: false, activationEvent: 'onLanguage:cpp'
[2022-01-05 01:06:55.767] [exthost] [info] extension host terminating: renderer closed the socket
[2022-01-05 01:07:00.799] [exthost] [info] Extension host with pid 393106 exiting with code 0
