[2022-01-04 20:17:21.711] [exthost] [info] Extension host with pid 21631 started
[2022-01-04 20:17:21.711] [exthost] [info] Skipping acquiring lock for /home/shashank/.config/Code/User/workspaceStorage/797efc8fa2bb2637dfb96637c8d672b9.
[2022-01-04 20:17:22.840] [exthost] [info] ExtensionService#_doActivateExtension vscode.microsoft-authentication, startup: false, activationEvent: 'onAuthenticationRequest:microsoft'
[2022-01-04 20:17:22.851] [exthost] [info] ExtensionService#_doActivateExtension cschlosser.doxdocgen, startup: false, activationEvent: 'onLanguage:cpp'
[2022-01-04 20:17:23.030] [exthost] [info] ExtensionService#_doActivateExtension ms-vscode.cpptools, startup: false, activationEvent: 'onLanguage:cpp'
[2022-01-04 20:17:23.092] [exthost] [info] ExtensionService#_doActivateExtension vscode.debug-auto-launch, startup: true, activationEvent: '*'
[2022-01-04 20:17:23.094] [exthost] [info] ExtensionService#_doActivateExtension vscode.git-base, startup: true, activationEvent: '*', root cause: vscode.github
[2022-01-04 20:17:23.097] [exthost] [info] ExtensionService#_doActivateExtension DivyanshuAgrawal.competitive-programming-helper, startup: true, activationEvent: '*'
[2022-01-04 20:17:23.107] [exthost] [info] ExtensionService#_doActivateExtension Janne252.fontawesome-autocomplete, startup: true, activationEvent: '*'
[2022-01-04 20:17:23.176] [exthost] [info] ExtensionService#_doActivateExtension ms-vsliveshare.vsliveshare, startup: true, activationEvent: '*', root cause: ms-vsliveshare.vsliveshare-audio
[2022-01-04 20:17:23.594] [exthost] [info] ExtensionService#_doActivateExtension mtxr.sqltools, startup: true, activationEvent: '*', root cause: mtxr.sqltools-driver-mysql
[2022-01-04 20:17:23.644] [exthost] [info] ExtensionService#_doActivateExtension ritwickdey.LiveServer, startup: true, activationEvent: '*'
[2022-01-04 20:17:23.992] [exthost] [info] ExtensionService#_doActivateExtension ms-dotnettools.csharp, startup: true, activationEvent: '*', root cause: Unity.unity-debug
[2022-01-04 20:17:25.531] [exthost] [info] ExtensionService#_doActivateExtension vscode.github-authentication, startup: false, activationEvent: 'onAuthenticationRequest:github'
[2022-01-04 20:17:28.336] [exthost] [info] ExtensionService#_doActivateExtension vscode.git, startup: true, activationEvent: '*'
[2022-01-04 20:17:28.364] [exthost] [info] ExtensionService#_doActivateExtension vscode.github, startup: true, activationEvent: '*'
[2022-01-04 20:17:28.372] [exthost] [info] ExtensionService#_doActivateExtension ms-vsliveshare.vsliveshare-audio, startup: true, activationEvent: '*'
[2022-01-04 20:17:28.586] [exthost] [info] ExtensionService#_doActivateExtension mtxr.sqltools-driver-mysql, startup: true, activationEvent: '*'
[2022-01-04 20:17:28.588] [exthost] [info] ExtensionService#_doActivateExtension Unity.unity-debug, startup: true, activationEvent: '*'
[2022-01-04 20:17:30.648] [exthost] [info] Eager extensions activated
[2022-01-04 20:17:30.834] [exthost] [info] ExtensionService#_doActivateExtension vscode.emmet, startup: false, activationEvent: 'onStartupFinished'
[2022-01-04 20:17:30.843] [exthost] [info] ExtensionService#_doActivateExtension vscode.merge-conflict, startup: false, activationEvent: 'onStartupFinished'
[2022-01-04 20:17:30.845] [exthost] [info] ExtensionService#_doActivateExtension ms-vscode-remote.remote-containers, startup: false, activationEvent: 'onStartupFinished'
[2022-01-04 20:17:30.895] [exthost] [info] ExtensionService#_doActivateExtension ms-vscode-remote.remote-wsl, startup: false, activationEvent: 'onStartupFinished'
[2022-01-04 20:17:30.904] [exthost] [info] ExtensionService#_doActivateExtension PKief.material-icon-theme, startup: false, activationEvent: 'onStartupFinished'
[2022-01-04 20:21:28.192] [exthost] [info] extension host terminating: renderer closed the socket
[2022-01-04 20:21:33.248] [exthost] [info] Extension host with pid 21631 exiting with code 0
