[2022-01-04 20:13:42.152] [exthost] [info] Extension host with pid 10324 started
[2022-01-04 20:13:42.152] [exthost] [info] Skipping acquiring lock for /home/shashank/.config/Code/User/workspaceStorage/797efc8fa2bb2637dfb96637c8d672b9.
[2022-01-04 20:13:42.348] [exthost] [info] ExtensionService#_doActivateExtension vscode.microsoft-authentication, startup: false, activationEvent: 'onAuthenticationRequest:microsoft'
[2022-01-04 20:13:42.508] [exthost] [info] ExtensionService#_doActivateExtension vscode.debug-auto-launch, startup: true, activationEvent: '*'
[2022-01-04 20:13:42.534] [exthost] [info] ExtensionService#_doActivateExtension vscode.git-base, startup: true, activationEvent: '*', root cause: vscode.github
[2022-01-04 20:13:42.630] [exthost] [info] ExtensionService#_doActivateExtension DivyanshuAgrawal.competitive-programming-helper, startup: true, activationEvent: '*'
[2022-01-04 20:13:42.732] [exthost] [info] ExtensionService#_doActivateExtension Janne252.fontawesome-autocomplete, startup: true, activationEvent: '*'
[2022-01-04 20:13:44.959] [exthost] [info] ExtensionService#_doActivateExtension ms-vsliveshare.vsliveshare, startup: true, activationEvent: '*', root cause: ms-vsliveshare.vsliveshare-audio
[2022-01-04 20:13:46.928] [exthost] [info] ExtensionService#_doActivateExtension mtxr.sqltools, startup: true, activationEvent: '*', root cause: mtxr.sqltools-driver-mysql
[2022-01-04 20:13:47.061] [exthost] [info] ExtensionService#_doActivateExtension ritwickdey.LiveServer, startup: true, activationEvent: '*'
[2022-01-04 20:13:59.635] [exthost] [info] ExtensionService#_doActivateExtension ms-dotnettools.csharp, startup: true, activationEvent: '*', root cause: Unity.unity-debug
[2022-01-04 20:13:59.771] [exthost] [info] Not activating extension 'ms-dotnettools.csharp': Timed out while searching for 'workspaceContains' pattern *.csproj,*.sln,*.slnf,*.csx,*.cake,**/*.csproj,**/*.sln,**/*.slnf,**/*.csx,**/*.cake
[2022-01-04 20:13:59.771] [exthost] [info] Not activating extension 'ms-vscode.cmake-tools': Timed out while searching for 'workspaceContains' pattern */CMakeLists.txt,*/*/CMakeLists.txt,*/*/*/CMakeLists.txt
[2022-01-04 20:14:00.560] [exthost] [info] ExtensionService#_doActivateExtension vscode.emmet, startup: false, activationEvent: 'onStartupFinished'
[2022-01-04 20:14:00.713] [exthost] [info] ExtensionService#_doActivateExtension vscode.merge-conflict, startup: false, activationEvent: 'onStartupFinished'
[2022-01-04 20:14:00.814] [exthost] [info] ExtensionService#_doActivateExtension ms-vscode-remote.remote-containers, startup: false, activationEvent: 'onStartupFinished'
[2022-01-04 20:14:00.985] [exthost] [info] ExtensionService#_doActivateExtension ms-vscode-remote.remote-wsl, startup: false, activationEvent: 'onStartupFinished'
[2022-01-04 20:14:01.071] [exthost] [info] ExtensionService#_doActivateExtension PKief.material-icon-theme, startup: false, activationEvent: 'onStartupFinished'
[2022-01-04 20:14:01.179] [exthost] [info] ExtensionService#_doActivateExtension cschlosser.doxdocgen, startup: false, activationEvent: 'onLanguage:cpp'
[2022-01-04 20:14:05.528] [exthost] [info] ExtensionService#_doActivateExtension ms-vscode.cpptools, startup: false, activationEvent: 'onLanguage:cpp'
[2022-01-04 20:14:07.865] [exthost] [info] ExtensionService#_doActivateExtension vscode.github-authentication, startup: false, activationEvent: 'onAuthenticationRequest:github'
[2022-01-04 20:14:20.187] [exthost] [info] ExtensionService#_doActivateExtension vscode.git, startup: true, activationEvent: '*'
[2022-01-04 20:14:20.754] [exthost] [info] ExtensionService#_doActivateExtension vscode.github, startup: true, activationEvent: '*'
[2022-01-04 20:14:21.670] [exthost] [info] ExtensionService#_doActivateExtension ms-vsliveshare.vsliveshare-audio, startup: true, activationEvent: '*'
[2022-01-04 20:14:34.607] [exthost] [info] ExtensionService#_doActivateExtension mtxr.sqltools-driver-mysql, startup: true, activationEvent: '*'
[2022-01-04 20:14:34.682] [exthost] [info] ExtensionService#_doActivateExtension Unity.unity-debug, startup: true, activationEvent: '*'
[2022-01-04 20:14:36.820] [exthost] [info] Eager extensions activated
[2022-01-04 20:15:44.705] [exthost] [info] extension host terminating: renderer closed the socket
[2022-01-04 20:15:49.750] [exthost] [info] Extension host with pid 10324 exiting with code 0
