[1641305332781] INFO  (ext): SQLTools is starting
[1641305332782] INFO  (ext): initializing language client...
[1641305332784] INFO  (ext): Registering client for languages [{"scheme":"sqltools"},{"language":"sql","scheme":"untitled"},{"language":"sql","scheme":"file"},{"language":"sql","scheme":"sqltools"}]
    ns: "lc"
[1641305332787] INFO  (ext): loading plugins...
[1641305332787] INFO  (ext): registering Formatter Plugin.
    plugin: {
      "name": "Formatter Plugin"
    }
[1641305332788] INFO  (ext): registering Connection Manager Plugin.
    plugin: {
      "name": "Connection Manager Plugin"
    }
[1641305332788] INFO  (ext): registering CodeLens Plugin.
    plugin: {
      "name": "CodeLens Plugin",
      "registeredLanguages": []
    }
[1641305332789] INFO  (ext): registering Dependency Manager Plugin.
    plugin: {
      "name": "Dependency Manager Plugin",
      "installingDrivers": []
    }
[1641305332790] INFO  (ext): Connection explorer changed. Will be updated.
    ns: "conn-man:explorer"
[1641305332791] INFO  (ext): registering History Manager Plugin.
    plugin: {
      "name": "History Manager Plugin"
    }
[1641305332791] INFO  (ext): registering Bookmarks Manager Plugin.
    plugin: {
      "name": "Bookmarks Manager Plugin"
    }
[1641305332792] INFO  (ext): SQLTools activation completed. 11.047171 ms
[1641305332807] INFO  (ext): Formatter Plugin registered!
[1641305332807] INFO  (ext): CodeLens Plugin registered!
[1641305332808] INFO  (ext): Dependency Manager Plugin registered!
[1641305332808] INFO  (ext): Connection Manager Plugin registered!
[1641305332808] INFO  (ext): History Manager Plugin registered!
[1641305332808] INFO  (ext): Bookmarks Manager Plugin registered!
[1641305333317] INFO  (ls): SQLTools Server started!
===============================
Using node runtime?: no
ExecPath: /opt/visual-studio-code/code 
===============================
[1641305333327] INFO  (ls): Telemetry enabled!
    ns: "telemetry"
[1641305333537] INFO  (ext): LanguageClient ready
    ns: "lc"
[1641305333808] INFO  (ext): EXECUTING COMMAND => sqltools.refreshTree
[1641305333809] INFO  (ext): Connection explorer changed. Will be updated.
    ns: "conn-man:explorer"
[1641305334948] INFO  (ext): Connection explorer changed. Will be updated.
    ns: "conn-man:explorer"
[1641305334972] INFO  (ext): registering MySQL/MariaDB Plugin (driver).
    plugin: {
      "extensionId": "mtxr.sqltools-driver-mysql",
      "name": "MySQL/MariaDB Plugin",
      "type": "driver"
    }
[1641305334973] INFO  (ls): REQUEST RECEIVED => ls/RegisterPlugin
[1641305334973] INFO  (ls): request to register plugin: "/home/shashank/.vscode/extensions/mtxr.sqltools-driver-mysql-0.2.0/out/ls/plugin.js"
[1641305336692] INFO  (ext): EXECUTING COMMAND => sqltools.refreshTree
[1641305336693] INFO  (ext): Connection explorer changed. Will be updated.
    ns: "conn-man:explorer"
[1641305335223] INFO  (ls): Driver mysql registered!
    place: "driver-map"
    ns: "ls-context"
[1641305335224] INFO  (ls): Driver mariadb registered!
    place: "driver-map"
    ns: "ls-context"
[1641305336707] INFO  (ext): MySQL/MariaDB Plugin (driver) registered!
[1641305337710] INFO  (ext): EXECUTING COMMAND => sqltools.refreshTree
[1641305337711] INFO  (ext): Connection explorer changed. Will be updated.
    ns: "conn-man:explorer"
[1641305343709] INFO  (ext): Connection explorer changed. Will be updated.
    ns: "conn-man:explorer"
