Validating found git in: git
Using git 2.34.1 from git
Opening repository for path='/home/shashank' failed; ex=Failed to execute git {
  "exitCode": 128,
  "gitErrorCode": "NotAGitRepository",
  "gitCommand": "rev-parse",
  "stdout": "",
  "stderr": "fatal: not a git repository (or any of the parent directories): .git\n"
}
> git rev-parse --git-dir
Open repository: /home/shashank/dwm
> git fetch
> git status -z -u
Opening repository for path='/home/shashank/.Xauthority' failed; ex=Error: spawn ENOTDIR
Opening repository for path='/home/shashank/.bash_history' failed; ex=Error: spawn ENOTDIR
Opening repository for path='/home/shashank/.bash_logout' failed; ex=Error: spawn ENOTDIR
Opening repository for path='/home/shashank/.bash_profile' failed; ex=Error: spawn ENOTDIR
Opening repository for path='/home/shashank/.bashrc' failed; ex=Error: spawn ENOTDIR
> git symbolic-ref --short HEAD
> git for-each-ref --format=%(refname)%00%(upstream:short)%00%(objectname)%00%(upstream:track) refs/heads/master refs/remotes/master
Opening repository for path='/home/shashank/.cache' failed; ex=Failed to execute git {
  "exitCode": 128,
  "gitErrorCode": "NotAGitRepository",
  "gitCommand": "rev-parse",
  "stdout": "",
  "stderr": "fatal: not a git repository (or any of the parent directories): .git\n"
}
Opening repository for path='/home/shashank/.config' failed; ex=Failed to execute git {
  "exitCode": 128,
  "gitErrorCode": "NotAGitRepository",
  "gitCommand": "rev-parse",
  "stdout": "",
  "stderr": "fatal: not a git repository (or any of the parent directories): .git\n"
}
Opening repository for path='/home/shashank/.gitconfig' failed; ex=Error: spawn ENOTDIR
> git for-each-ref --sort -committerdate --format %(refname) %(objectname) %(*objectname)
> git remote --verbose
Warning: Failed to watch ref '/home/shashank/dwm/.git/refs/remotes/origin/master', is most likely packed.
Opening repository for path='/home/shashank/.gnupg' failed; ex=Failed to execute git {
  "exitCode": 128,
  "gitErrorCode": "NotAGitRepository",
  "gitCommand": "rev-parse",
  "stdout": "",
  "stderr": "fatal: not a git repository (or any of the parent directories): .git\n"
}
Opening repository for path='/home/shashank/.lesshst' failed; ex=Error: spawn ENOTDIR
> git config --get commit.template
Opening repository for path='/home/shashank/.local' failed; ex=Failed to execute git {
  "exitCode": 128,
  "gitErrorCode": "NotAGitRepository",
  "gitCommand": "rev-parse",
  "stdout": "",
  "stderr": "fatal: not a git repository (or any of the parent directories): .git\n"
}
Opening repository for path='/home/shashank/.mozilla' failed; ex=Failed to execute git {
  "exitCode": 128,
  "gitErrorCode": "NotAGitRepository",
  "gitCommand": "rev-parse",
  "stdout": "",
  "stderr": "fatal: not a git repository (or any of the parent directories): .git\n"
}
Opening repository for path='/home/shashank/.pki' failed; ex=Failed to execute git {
  "exitCode": 128,
  "gitErrorCode": "NotAGitRepository",
  "gitCommand": "rev-parse",
  "stdout": "",
  "stderr": "fatal: not a git repository (or any of the parent directories): .git\n"
}
Opening repository for path='/home/shashank/.python_history' failed; ex=Error: spawn ENOTDIR
Opening repository for path='/home/shashank/.viminfo' failed; ex=Error: spawn ENOTDIR
Opening repository for path='/home/shashank/.vscode' failed; ex=Failed to execute git {
  "exitCode": 128,
  "gitErrorCode": "NotAGitRepository",
  "gitCommand": "rev-parse",
  "stdout": "",
  "stderr": "fatal: not a git repository (or any of the parent directories): .git\n"
}
Opening repository for path='/home/shashank/.vscode-oss' failed; ex=Failed to execute git {
  "exitCode": 128,
  "gitErrorCode": "NotAGitRepository",
  "gitCommand": "rev-parse",
  "stdout": "",
  "stderr": "fatal: not a git repository (or any of the parent directories): .git\n"
}
Opening repository for path='/home/shashank/.w3m' failed; ex=Failed to execute git {
  "exitCode": 128,
  "gitErrorCode": "NotAGitRepository",
  "gitCommand": "rev-parse",
  "stdout": "",
  "stderr": "fatal: not a git repository (or any of the parent directories): .git\n"
}
Opening repository for path='/home/shashank/.xinitrc' failed; ex=Error: spawn ENOTDIR
Opening repository for path='/home/shashank/2022-01-04-141758_1920x1080_scrot.png' failed; ex=Error: spawn ENOTDIR
Opening repository for path='/home/shashank/Desktop' failed; ex=Failed to execute git {
  "exitCode": 128,
  "gitErrorCode": "NotAGitRepository",
  "gitCommand": "rev-parse",
  "stdout": "",
  "stderr": "fatal: not a git repository (or any of the parent directories): .git\n"
}
> git check-ignore -v -z --stdin
Opening repository for path='/home/shashank/Downloads' failed; ex=Failed to execute git {
  "exitCode": 128,
  "gitErrorCode": "NotAGitRepository",
  "gitCommand": "rev-parse",
  "stdout": "",
  "stderr": "fatal: not a git repository (or any of the parent directories): .git\n"
}
Opening repository for path='/home/shashank/Pictures' failed; ex=Failed to execute git {
  "exitCode": 128,
  "gitErrorCode": "NotAGitRepository",
  "gitCommand": "rev-parse",
  "stdout": "",
  "stderr": "fatal: not a git repository (or any of the parent directories): .git\n"
}
Opening repository for path='/home/shashank/Videos' failed; ex=Failed to execute git {
  "exitCode": 128,
  "gitErrorCode": "NotAGitRepository",
  "gitCommand": "rev-parse",
  "stdout": "",
  "stderr": "fatal: not a git repository (or any of the parent directories): .git\n"
}
> git rev-parse --git-dir
Open repository: /home/shashank/dwm-bar
> git fetch
> git status -z -u
> git symbolic-ref --short HEAD
> git rev-parse --git-dir
> git for-each-ref --format=%(refname)%00%(upstream:short)%00%(objectname)%00%(upstream:track) refs/heads/master refs/remotes/master
> git for-each-ref --sort -committerdate --format %(refname) %(objectname) %(*objectname)
> git remote --verbose
Open repository: /home/shashank/dwmstatus
> git fetch
> git status -z -u
> git symbolic-ref --short HEAD
> git rev-parse --git-dir
Warning: Failed to watch ref '/home/shashank/dwm-bar/.git/refs/remotes/origin/master', is most likely packed.
> git status -z -u
> git config --get commit.template
> git symbolic-ref --short HEAD
Open repository: /home/shashank/st
> git fetch
> git status -z -u
> git for-each-ref --format=%(refname)%00%(upstream:short)%00%(objectname)%00%(upstream:track) refs/heads/master refs/remotes/master
> git symbolic-ref --short HEAD
> git for-each-ref --sort -committerdate --format %(refname) %(objectname) %(*objectname)
> git remote --verbose
Opening repository for path='/home/shashank/wifi_thing' failed; ex=Failed to execute git {
  "exitCode": 128,
  "gitErrorCode": "NotAGitRepository",
  "gitCommand": "rev-parse",
  "stdout": "",
  "stderr": "fatal: not a git repository (or any of the parent directories): .git\n"
}
> git for-each-ref --format=%(refname)%00%(upstream:short)%00%(objectname)%00%(upstream:track) refs/heads/master refs/remotes/master
> git for-each-ref --sort -committerdate --format %(refname) %(objectname) %(*objectname)
> git remote --verbose
> git rev-parse --git-dir
Warning: Failed to watch ref '/home/shashank/dwmstatus/.git/refs/remotes/origin/master', is most likely packed.
> git for-each-ref --format=%(refname)%00%(upstream:short)%00%(objectname)%00%(upstream:track) refs/heads/master refs/remotes/master
> git check-ignore -v -z --stdin
> git check-ignore -v -z --stdin
> git config --get commit.template
> git for-each-ref --sort -committerdate --format %(refname) %(objectname) %(*objectname)
> git remote --verbose
Open repository: /home/shashank/yay-git
> git fetch
> git status -z -u
> git show --textconv :config.def.h
> git ls-files --stage -- /home/shashank/dwm/config.def.h
Warning: Failed to watch ref '/home/shashank/dwm/.git/refs/remotes/origin/master', is most likely packed.
> git status -z -u
> git config --get commit.template
> git symbolic-ref --short HEAD
> git symbolic-ref --short HEAD
> git cat-file -s a2ac963acc73a1224ef8ceb47d08da454a43bce5
> git config --get commit.template
> git for-each-ref --format=%(refname)%00%(upstream:short)%00%(objectname)%00%(upstream:track) refs/heads/master refs/remotes/master
> git for-each-ref --format=%(refname)%00%(upstream:short)%00%(objectname)%00%(upstream:track) refs/heads/master refs/remotes/master
> git for-each-ref --sort -committerdate --format %(refname) %(objectname) %(*objectname)
> git remote --verbose
> git for-each-ref --sort -committerdate --format %(refname) %(objectname) %(*objectname)
> git remote --verbose
Warning: Failed to watch ref '/home/shashank/dwm-bar/.git/refs/remotes/origin/master', is most likely packed.
> git config --get commit.template
> git config --get commit.template
> git status -z -u
> git symbolic-ref --short HEAD
> git check-ignore -v -z --stdin
> git check-ignore -v -z --stdin
> git for-each-ref --format=%(refname)%00%(upstream:short)%00%(objectname)%00%(upstream:track) refs/heads/master refs/remotes/master
> git for-each-ref --sort -committerdate --format %(refname) %(objectname) %(*objectname)
> git remote --verbose
> git config --get commit.template
> git status -z -u
> git symbolic-ref --short HEAD
> git for-each-ref --format=%(refname)%00%(upstream:short)%00%(objectname)%00%(upstream:track) refs/heads/master refs/remotes/master
> git for-each-ref --sort -committerdate --format %(refname) %(objectname) %(*objectname)
> git remote --verbose
> git config --get commit.template
> git status -z -u
> git symbolic-ref --short HEAD
> git for-each-ref --format=%(refname)%00%(upstream:short)%00%(objectname)%00%(upstream:track) refs/heads/master refs/remotes/master
> git for-each-ref --sort -committerdate --format %(refname) %(objectname) %(*objectname)
> git remote --verbose
Warning: Failed to watch ref '/home/shashank/dwmstatus/.git/refs/remotes/origin/master', is most likely packed.
> git config --get commit.template
> git show --textconv :bar-functions/dwm_resources.sh
> git ls-files --stage -- /home/shashank/dwm-bar/bar-functions/dwm_resources.sh
> git cat-file -s 61beecc87014e2165cf78391bcf64ec7cf4497b6
> git check-ignore -v -z --stdin
> git check-ignore -v -z --stdin
> git check-ignore -v -z --stdin
> git show --textconv :bar-functions/dwm_backlight.sh
> git ls-files --stage -- /home/shashank/dwm-bar/bar-functions/dwm_backlight.sh
> git cat-file -s c0968d89dd7ebfea1de3b323a0e2833dfe0c7b1a
> git status -z -u
> git status -z -u
> git symbolic-ref --short HEAD
> git symbolic-ref --short HEAD
> git for-each-ref --format=%(refname)%00%(upstream:short)%00%(objectname)%00%(upstream:track) refs/heads/master refs/remotes/master
> git for-each-ref --format=%(refname)%00%(upstream:short)%00%(objectname)%00%(upstream:track) refs/heads/master refs/remotes/master
> git for-each-ref --sort -committerdate --format %(refname) %(objectname) %(*objectname)
> git remote --verbose
> git for-each-ref --sort -committerdate --format %(refname) %(objectname) %(*objectname)
> git remote --verbose
> git show --textconv :bar-functions/dwm_battery.sh
> git ls-files --stage -- /home/shashank/dwm-bar/bar-functions/dwm_battery.sh
Warning: Failed to watch ref '/home/shashank/dwm/.git/refs/remotes/origin/master', is most likely packed.
> git config --get commit.template
> git cat-file -s 6321e64c9f382626712c113deb5c9e975e48f6dd
Warning: Failed to watch ref '/home/shashank/dwm-bar/.git/refs/remotes/origin/master', is most likely packed.
> git config --get commit.template
> git check-ignore -v -z --stdin
> git check-ignore -v -z --stdin
> git show --textconv :dwm.c
> git ls-files --stage -- /home/shashank/dwm/dwm.c
> git cat-file -s a96f33c1fe009c16c8ca4b2ebac5fb511437e347
> git show --textconv :config.def.h
> git ls-files --stage -- /home/shashank/dwm/config.def.h
> git cat-file -s a2ac963acc73a1224ef8ceb47d08da454a43bce5
> git fetch
> git fetch
> git fetch
> git fetch
> git status -z -u
> git symbolic-ref --short HEAD
> git for-each-ref --format=%(refname)%00%(upstream:short)%00%(objectname)%00%(upstream:track) refs/heads/master refs/remotes/master
> git for-each-ref --sort -committerdate --format %(refname) %(objectname) %(*objectname)
> git remote --verbose
Warning: Failed to watch ref '/home/shashank/dwm/.git/refs/remotes/origin/master', is most likely packed.
> git config --get commit.template
> git fetch
> git status -z -u
> git symbolic-ref --short HEAD
> git for-each-ref --format=%(refname)%00%(upstream:short)%00%(objectname)%00%(upstream:track) refs/heads/master refs/remotes/master
> git for-each-ref --sort -committerdate --format %(refname) %(objectname) %(*objectname)
> git remote --verbose
> git config --get commit.template
> git status -z -u
> git symbolic-ref --short HEAD
> git for-each-ref --format=%(refname)%00%(upstream:short)%00%(objectname)%00%(upstream:track) refs/heads/master refs/remotes/master
> git for-each-ref --sort -committerdate --format %(refname) %(objectname) %(*objectname)
> git remote --verbose
> git config --get commit.template
> git status -z -u
> git symbolic-ref --short HEAD
> git for-each-ref --format=%(refname)%00%(upstream:short)%00%(objectname)%00%(upstream:track) refs/heads/master refs/remotes/master
> git for-each-ref --sort -committerdate --format %(refname) %(objectname) %(*objectname)
> git remote --verbose
Warning: Failed to watch ref '/home/shashank/dwm-bar/.git/refs/remotes/origin/master', is most likely packed.
> git config --get commit.template
> git status -z -u
> git symbolic-ref --short HEAD
> git for-each-ref --format=%(refname)%00%(upstream:short)%00%(objectname)%00%(upstream:track) refs/heads/master refs/remotes/master
> git for-each-ref --sort -committerdate --format %(refname) %(objectname) %(*objectname)
> git remote --verbose
Warning: Failed to watch ref '/home/shashank/dwmstatus/.git/refs/remotes/origin/master', is most likely packed.
> git config --get commit.template
> git ls-files --stage -- /home/shashank/dwm/config.def.h
> git cat-file -s a2ac963acc73a1224ef8ceb47d08da454a43bce5
> git show --textconv :config.def.h
> git status -z -u
> git status -z -u
> git symbolic-ref --short HEAD
> git symbolic-ref --short HEAD
> git for-each-ref --format=%(refname)%00%(upstream:short)%00%(objectname)%00%(upstream:track) refs/heads/master refs/remotes/master
> git for-each-ref --format=%(refname)%00%(upstream:short)%00%(objectname)%00%(upstream:track) refs/heads/master refs/remotes/master
> git for-each-ref --sort -committerdate --format %(refname) %(objectname) %(*objectname)
> git remote --verbose
> git for-each-ref --sort -committerdate --format %(refname) %(objectname) %(*objectname)
> git remote --verbose
Warning: Failed to watch ref '/home/shashank/dwm/.git/refs/remotes/origin/master', is most likely packed.
> git config --get commit.template
Warning: Failed to watch ref '/home/shashank/dwm-bar/.git/refs/remotes/origin/master', is most likely packed.
> git config --get commit.template
> git status -z -u
> git symbolic-ref --short HEAD
> git for-each-ref --format=%(refname)%00%(upstream:short)%00%(objectname)%00%(upstream:track) refs/heads/master refs/remotes/master
> git for-each-ref --sort -committerdate --format %(refname) %(objectname) %(*objectname)
> git remote --verbose
Warning: Failed to watch ref '/home/shashank/dwm/.git/refs/remotes/origin/master', is most likely packed.
> git config --get commit.template
