[1641307644685] INFO  (ext): SQLTools is starting
[1641307644686] INFO  (ext): initializing language client...
[1641307644688] INFO  (ext): Registering client for languages [{"scheme":"sqltools"},{"language":"sql","scheme":"untitled"},{"language":"sql","scheme":"file"},{"language":"sql","scheme":"sqltools"}]
    ns: "lc"
[1641307644691] INFO  (ext): loading plugins...
[1641307644691] INFO  (ext): registering Formatter Plugin.
    plugin: {
      "name": "Formatter Plugin"
    }
[1641307644692] INFO  (ext): registering Connection Manager Plugin.
    plugin: {
      "name": "Connection Manager Plugin"
    }
[1641307644692] INFO  (ext): registering CodeLens Plugin.
    plugin: {
      "name": "CodeLens Plugin",
      "registeredLanguages": []
    }
[1641307644693] INFO  (ext): registering Dependency Manager Plugin.
    plugin: {
      "name": "Dependency Manager Plugin",
      "installingDrivers": []
    }
[1641307644695] INFO  (ext): Connection explorer changed. Will be updated.
    ns: "conn-man:explorer"
[1641307644695] INFO  (ext): registering History Manager Plugin.
    plugin: {
      "name": "History Manager Plugin"
    }
[1641307644696] INFO  (ext): registering Bookmarks Manager Plugin.
    plugin: {
      "name": "Bookmarks Manager Plugin"
    }
[1641307644697] INFO  (ext): SQLTools activation completed. 12.217327 ms
[1641307644718] INFO  (ext): Formatter Plugin registered!
[1641307644718] INFO  (ext): CodeLens Plugin registered!
[1641307644718] INFO  (ext): Dependency Manager Plugin registered!
[1641307644719] INFO  (ext): Connection Manager Plugin registered!
[1641307644719] INFO  (ext): History Manager Plugin registered!
[1641307644719] INFO  (ext): Bookmarks Manager Plugin registered!
[1641307645163] INFO  (ls): SQLTools Server started!
===============================
Using node runtime?: no
ExecPath: /opt/visual-studio-code/code 
===============================
[1641307645175] INFO  (ls): Telemetry enabled!
    ns: "telemetry"
[1641307645307] INFO  (ext): LanguageClient ready
    ns: "lc"
[1641307645801] INFO  (ext): EXECUTING COMMAND => sqltools.refreshTree
[1641307645801] INFO  (ext): Connection explorer changed. Will be updated.
    ns: "conn-man:explorer"
[1641307646696] INFO  (ext): Connection explorer changed. Will be updated.
    ns: "conn-man:explorer"
[1641307648649] INFO  (ext): registering MySQL/MariaDB Plugin (driver).
    plugin: {
      "extensionId": "mtxr.sqltools-driver-mysql",
      "name": "MySQL/MariaDB Plugin",
      "type": "driver"
    }
[1641307648651] INFO  (ls): REQUEST RECEIVED => ls/RegisterPlugin
[1641307648651] INFO  (ls): request to register plugin: "/home/shashank/.vscode/extensions/mtxr.sqltools-driver-mysql-0.2.0/out/ls/plugin.js"
[1641307649119] INFO  (ls): Driver mysql registered!
    place: "driver-map"
    ns: "ls-context"
[1641307649119] INFO  (ls): Driver mariadb registered!
    place: "driver-map"
    ns: "ls-context"
[1641307650401] INFO  (ext): EXECUTING COMMAND => sqltools.refreshTree
[1641307650401] INFO  (ext): Connection explorer changed. Will be updated.
    ns: "conn-man:explorer"
[1641307650562] INFO  (ext): MySQL/MariaDB Plugin (driver) registered!
[1641307651574] INFO  (ext): EXECUTING COMMAND => sqltools.refreshTree
[1641307651574] INFO  (ext): Connection explorer changed. Will be updated.
    ns: "conn-man:explorer"
[1641307653752] INFO  (ext): Connection explorer changed. Will be updated.
    ns: "conn-man:explorer"
[1641307654844] INFO  (ext): Connection explorer changed. Will be updated.
    ns: "conn-man:explorer"
[1641307655795] INFO  (ext): Connection explorer changed. Will be updated.
    ns: "conn-man:explorer"
[1641307665870] INFO  (ext): Connection explorer changed. Will be updated.
    ns: "conn-man:explorer"
[1641307735862] INFO  (ext): Connection explorer changed. Will be updated.
    ns: "conn-man:explorer"
