[2022-01-04 19:53:05.388] [exthost] [info] Extension host with pid 384930 started
[2022-01-04 19:53:05.388] [exthost] [info] Skipping acquiring lock for /home/shashank/.config/Code/User/workspaceStorage/797efc8fa2bb2637dfb96637c8d672b9.
[2022-01-04 19:53:05.607] [exthost] [info] ExtensionService#_doActivateExtension vscode.microsoft-authentication, startup: false, activationEvent: 'onAuthenticationRequest:microsoft'
[2022-01-04 19:53:05.634] [exthost] [info] ExtensionService#_doActivateExtension vscode.debug-auto-launch, startup: true, activationEvent: '*'
[2022-01-04 19:53:05.650] [exthost] [info] ExtensionService#_doActivateExtension vscode.git-base, startup: true, activationEvent: '*', root cause: vscode.github
[2022-01-04 19:53:05.658] [exthost] [info] ExtensionService#_doActivateExtension DivyanshuAgrawal.competitive-programming-helper, startup: true, activationEvent: '*'
[2022-01-04 19:53:05.669] [exthost] [info] ExtensionService#_doActivateExtension Janne252.fontawesome-autocomplete, startup: true, activationEvent: '*'
[2022-01-04 19:53:05.865] [exthost] [info] ExtensionService#_doActivateExtension ms-vsliveshare.vsliveshare, startup: true, activationEvent: '*', root cause: ms-vsliveshare.vsliveshare-audio
[2022-01-04 19:53:06.341] [exthost] [info] ExtensionService#_doActivateExtension mtxr.sqltools, startup: true, activationEvent: '*', root cause: mtxr.sqltools-driver-mysql
[2022-01-04 19:53:06.392] [exthost] [info] ExtensionService#_doActivateExtension ritwickdey.LiveServer, startup: true, activationEvent: '*'
[2022-01-04 19:53:06.718] [exthost] [info] ExtensionService#_doActivateExtension ms-dotnettools.csharp, startup: true, activationEvent: '*', root cause: Unity.unity-debug
[2022-01-04 19:53:07.672] [exthost] [info] ExtensionService#_doActivateExtension vscode.github-authentication, startup: false, activationEvent: 'onAuthenticationRequest:github'
[2022-01-04 19:53:09.856] [exthost] [info] ExtensionService#_doActivateExtension vscode.git, startup: true, activationEvent: '*'
[2022-01-04 19:53:09.876] [exthost] [info] ExtensionService#_doActivateExtension vscode.github, startup: true, activationEvent: '*'
[2022-01-04 19:53:09.879] [exthost] [info] ExtensionService#_doActivateExtension ms-vsliveshare.vsliveshare-audio, startup: true, activationEvent: '*'
[2022-01-04 19:53:10.048] [exthost] [info] ExtensionService#_doActivateExtension mtxr.sqltools-driver-mysql, startup: true, activationEvent: '*'
[2022-01-04 19:53:10.049] [exthost] [info] ExtensionService#_doActivateExtension Unity.unity-debug, startup: true, activationEvent: '*'
[2022-01-04 19:53:11.555] [exthost] [info] Eager extensions activated
[2022-01-04 19:53:11.595] [exthost] [info] ExtensionService#_doActivateExtension vscode.emmet, startup: false, activationEvent: 'onStartupFinished'
[2022-01-04 19:53:11.601] [exthost] [info] ExtensionService#_doActivateExtension vscode.merge-conflict, startup: false, activationEvent: 'onStartupFinished'
[2022-01-04 19:53:11.603] [exthost] [info] ExtensionService#_doActivateExtension ms-vscode-remote.remote-containers, startup: false, activationEvent: 'onStartupFinished'
[2022-01-04 19:53:11.643] [exthost] [info] ExtensionService#_doActivateExtension ms-vscode-remote.remote-wsl, startup: false, activationEvent: 'onStartupFinished'
[2022-01-04 19:53:11.648] [exthost] [info] ExtensionService#_doActivateExtension PKief.material-icon-theme, startup: false, activationEvent: 'onStartupFinished'
[2022-01-04 19:53:35.072] [exthost] [info] ExtensionService#_doActivateExtension cschlosser.doxdocgen, startup: false, activationEvent: 'onLanguage:cpp'
[2022-01-04 19:53:35.176] [exthost] [info] ExtensionService#_doActivateExtension ms-vscode.cpptools, startup: false, activationEvent: 'onLanguage:cpp'
[2022-01-04 19:59:58.395] [exthost] [info] extension host terminating: renderer closed the socket
[2022-01-04 19:59:58.999] [exthost] [error] [ms-vscode.cpptools] provider FAILED
[2022-01-04 19:59:58.999] [exthost] [error] Error: Connection got disposed.
	at Object.dispose (/home/shashank/.vscode/extensions/ms-vscode.cpptools-1.8.0-insiders2/dist/main.js:59131:25)
	at Object.dispose (/home/shashank/.vscode/extensions/ms-vscode.cpptools-1.8.0-insiders2/dist/main.js:60051:35)
	at /home/shashank/.vscode/extensions/ms-vscode.cpptools-1.8.0-insiders2/dist/main.js:62045:28
	at async Promise.all (index 14)
	at async v.deactivateAll (/opt/visual-studio-code/resources/app/out/vs/workbench/services/extensions/node/extensionHostProcess.js:100:10087)
[2022-01-04 20:00:03.452] [exthost] [info] Extension host with pid 384930 exiting with code 0
