[2022-01-04 19:38:51.628] [exthost] [info] Extension host with pid 342742 started
[2022-01-04 19:38:51.628] [exthost] [info] Skipping acquiring lock for /home/shashank/.config/Code/User/workspaceStorage/797efc8fa2bb2637dfb96637c8d672b9.
[2022-01-04 19:38:51.710] [exthost] [info] ExtensionService#_doActivateExtension vscode.microsoft-authentication, startup: false, activationEvent: 'onAuthenticationRequest:microsoft'
[2022-01-04 19:38:51.725] [exthost] [info] ExtensionService#_doActivateExtension vscode.debug-auto-launch, startup: true, activationEvent: '*'
[2022-01-04 19:38:51.728] [exthost] [info] ExtensionService#_doActivateExtension vscode.git-base, startup: true, activationEvent: '*', root cause: vscode.github
[2022-01-04 19:38:51.732] [exthost] [info] ExtensionService#_doActivateExtension DivyanshuAgrawal.competitive-programming-helper, startup: true, activationEvent: '*'
[2022-01-04 19:38:51.739] [exthost] [info] ExtensionService#_doActivateExtension Janne252.fontawesome-autocomplete, startup: true, activationEvent: '*'
[2022-01-04 19:38:51.805] [exthost] [info] ExtensionService#_doActivateExtension ms-vsliveshare.vsliveshare, startup: true, activationEvent: '*', root cause: ms-vsliveshare.vsliveshare-audio
[2022-01-04 19:38:52.032] [exthost] [info] ExtensionService#_doActivateExtension mtxr.sqltools, startup: true, activationEvent: '*', root cause: mtxr.sqltools-driver-mysql
[2022-01-04 19:38:52.068] [exthost] [info] ExtensionService#_doActivateExtension ritwickdey.LiveServer, startup: true, activationEvent: '*'
[2022-01-04 19:38:52.296] [exthost] [info] ExtensionService#_doActivateExtension ms-dotnettools.csharp, startup: true, activationEvent: '*', root cause: Unity.unity-debug
[2022-01-04 19:38:53.050] [exthost] [info] ExtensionService#_doActivateExtension vscode.github-authentication, startup: false, activationEvent: 'onAuthenticationRequest:github'
[2022-01-04 19:38:54.666] [exthost] [info] ExtensionService#_doActivateExtension vscode.git, startup: true, activationEvent: '*'
[2022-01-04 19:38:54.696] [exthost] [info] ExtensionService#_doActivateExtension vscode.github, startup: true, activationEvent: '*'
[2022-01-04 19:38:54.701] [exthost] [info] ExtensionService#_doActivateExtension ms-vsliveshare.vsliveshare-audio, startup: true, activationEvent: '*'
[2022-01-04 19:38:54.920] [exthost] [info] ExtensionService#_doActivateExtension mtxr.sqltools-driver-mysql, startup: true, activationEvent: '*'
[2022-01-04 19:38:54.922] [exthost] [info] ExtensionService#_doActivateExtension Unity.unity-debug, startup: true, activationEvent: '*'
[2022-01-04 19:38:56.804] [exthost] [info] Eager extensions activated
[2022-01-04 19:38:57.072] [exthost] [info] ExtensionService#_doActivateExtension vscode.emmet, startup: false, activationEvent: 'onStartupFinished'
[2022-01-04 19:38:57.087] [exthost] [info] ExtensionService#_doActivateExtension vscode.merge-conflict, startup: false, activationEvent: 'onStartupFinished'
[2022-01-04 19:38:57.090] [exthost] [info] ExtensionService#_doActivateExtension ms-vscode-remote.remote-containers, startup: false, activationEvent: 'onStartupFinished'
[2022-01-04 19:38:57.137] [exthost] [info] ExtensionService#_doActivateExtension ms-vscode-remote.remote-wsl, startup: false, activationEvent: 'onStartupFinished'
[2022-01-04 19:38:57.149] [exthost] [info] ExtensionService#_doActivateExtension PKief.material-icon-theme, startup: false, activationEvent: 'onStartupFinished'
[2022-01-04 19:39:03.754] [exthost] [info] ExtensionService#_doActivateExtension cschlosser.doxdocgen, startup: false, activationEvent: 'onLanguage:cpp'
[2022-01-04 19:39:03.978] [exthost] [info] ExtensionService#_doActivateExtension ms-vscode.cpptools, startup: false, activationEvent: 'onLanguage:cpp'
[2022-01-04 19:48:15.696] [exthost] [info] extension host terminating: renderer closed the socket
[2022-01-04 19:48:20.740] [exthost] [info] Extension host with pid 342742 exiting with code 0
