[   848.182] 
X.Org X Server 1.21.1.2
X Protocol Version 11, Revision 0
[   848.182] Current Operating System: Linux archlinux 5.15.12-arch1-1 #1 SMP PREEMPT Wed, 29 Dec 2021 12:04:56 +0000 x86_64
[   848.182] Kernel command line: BOOT_IMAGE=/boot/vmlinuz-linux root=UUID=262df195-bf37-4d0c-9dad-a998451ed3c1 rw loglevel=3 quiet
[   848.183]  
[   848.183] Current version of pixman: 0.40.0
[   848.183] 	Before reporting problems, check http://wiki.x.org
	to make sure that you have the latest version.
[   848.183] Markers: (--) probed, (**) from config file, (==) default setting,
	(++) from command line, (!!) notice, (II) informational,
	(WW) warning, (EE) error, (NI) not implemented, (??) unknown.
[   848.183] (==) Log file: "/home/shashank/.local/share/xorg/Xorg.1.log", Time: Mon Jan  3 23:27:02 2022
[   848.184] (==) Using system config directory "/usr/share/X11/xorg.conf.d"
[   848.184] (==) No Layout section.  Using the first Screen section.
[   848.184] (==) No screen section available. Using defaults.
[   848.184] (**) |-->Screen "Default Screen Section" (0)
[   848.184] (**) |   |-->Monitor "<default monitor>"
[   848.184] (==) No monitor specified for screen "Default Screen Section".
	Using a default monitor configuration.
[   848.184] (==) Automatically adding devices
[   848.184] (==) Automatically enabling devices
[   848.184] (==) Automatically adding GPU devices
[   848.184] (==) Automatically binding GPU devices
[   848.184] (==) Max clients allowed: 256, resource mask: 0x1fffff
[   848.184] (WW) The directory "/usr/share/fonts/TTF" does not exist.
[   848.184] 	Entry deleted from font path.
[   848.184] (WW) The directory "/usr/share/fonts/OTF" does not exist.
[   848.184] 	Entry deleted from font path.
[   848.184] (WW) The directory "/usr/share/fonts/Type1" does not exist.
[   848.184] 	Entry deleted from font path.
[   848.184] (==) FontPath set to:
	/usr/share/fonts/misc,
	/usr/share/fonts/100dpi,
	/usr/share/fonts/75dpi
[   848.184] (==) ModulePath set to "/usr/lib/xorg/modules"
[   848.184] (II) The server relies on udev to provide the list of input devices.
	If no devices become available, reconfigure udev or disable AutoAddDevices.
[   848.184] (II) Module ABI versions:
[   848.184] 	X.Org ANSI C Emulation: 0.4
[   848.184] 	X.Org Video Driver: 25.2
[   848.184] 	X.Org XInput driver : 24.4
[   848.184] 	X.Org Server Extension : 10.0
[   848.186] (++) using VT number 2

[   848.188] (II) systemd-logind: took control of session /org/freedesktop/login1/session/_33
[   848.189] (II) xfree86: Adding drm device (/dev/dri/card0)
[   848.189] (II) Platform probe for /sys/devices/pci0000:00/0000:00:02.0/drm/card0
[   848.189] (II) systemd-logind: got fd for /dev/dri/card0 226:0 fd 11 paused 0
[   848.192] (--) PCI:*(0@0:2:0) 8086:5916:103c:832a rev 7, Mem @ 0xb0000000/16777216, 0xa0000000/268435456, I/O @ 0x00005000/64, BIOS @ 0x????????/131072
[   848.192] (WW) Open ACPI failed (/var/run/acpid.socket) (No such file or directory)
[   848.192] (II) LoadModule: "glx"
[   848.192] (II) Loading /usr/lib/xorg/modules/extensions/libglx.so
[   848.194] (II) Module glx: vendor="X.Org Foundation"
[   848.194] 	compiled for 1.21.1.2, module version = 1.0.0
[   848.194] 	ABI class: X.Org Server Extension, version 10.0
[   848.194] (==) Matched intel as autoconfigured driver 0
[   848.194] (==) Matched modesetting as autoconfigured driver 1
[   848.194] (==) Matched fbdev as autoconfigured driver 2
[   848.194] (==) Matched vesa as autoconfigured driver 3
[   848.194] (==) Assigned the driver to the xf86ConfigLayout
[   848.194] (II) LoadModule: "intel"
[   848.194] (WW) Warning, couldn't open module intel
[   848.194] (EE) Failed to load module "intel" (module does not exist, 0)
[   848.194] (II) LoadModule: "modesetting"
[   848.194] (II) Loading /usr/lib/xorg/modules/drivers/modesetting_drv.so
[   848.199] (II) Module modesetting: vendor="X.Org Foundation"
[   848.199] 	compiled for 1.21.1.2, module version = 1.21.1
[   848.199] 	Module class: X.Org Video Driver
[   848.199] 	ABI class: X.Org Video Driver, version 25.2
[   848.199] (II) LoadModule: "fbdev"
[   848.199] (II) Loading /usr/lib/xorg/modules/drivers/fbdev_drv.so
[   848.199] (II) Module fbdev: vendor="X.Org Foundation"
[   848.199] 	compiled for 1.21.1.1, module version = 0.5.0
[   848.199] 	Module class: X.Org Video Driver
[   848.199] 	ABI class: X.Org Video Driver, version 25.2
[   848.199] (II) LoadModule: "vesa"
[   848.200] (II) Loading /usr/lib/xorg/modules/drivers/vesa_drv.so
[   848.200] (II) Module vesa: vendor="X.Org Foundation"
[   848.200] 	compiled for 1.21.1.1, module version = 2.5.0
[   848.200] 	Module class: X.Org Video Driver
[   848.200] 	ABI class: X.Org Video Driver, version 25.2
[   848.200] (II) modesetting: Driver for Modesetting Kernel Drivers: kms
[   848.200] (II) FBDEV: driver for framebuffer: fbdev
[   848.200] (II) VESA: driver for VESA chipsets: vesa
[   848.200] xf86EnableIO: failed to enable I/O ports 0000-03ff (Operation not permitted)
[   848.200] (II) modeset(0): using drv /dev/dri/card0
[   848.200] (WW) Falling back to old probe method for fbdev
[   848.200] (II) Loading sub module "fbdevhw"
[   848.200] (II) LoadModule: "fbdevhw"
[   848.200] (II) Loading /usr/lib/xorg/modules/libfbdevhw.so
[   848.200] (II) Module fbdevhw: vendor="X.Org Foundation"
[   848.200] 	compiled for 1.21.1.2, module version = 0.0.2
[   848.200] 	ABI class: X.Org Video Driver, version 25.2
[   848.200] (WW) VGA arbiter: cannot open kernel arbiter, no multi-card support
[   848.200] (II) modeset(0): Creating default Display subsection in Screen section
	"Default Screen Section" for depth/fbbpp 24/32
[   848.200] (==) modeset(0): Depth 24, (==) framebuffer bpp 32
[   848.200] (==) modeset(0): RGB weight 888
[   848.200] (==) modeset(0): Default visual is TrueColor
[   848.200] (II) Loading sub module "glamoregl"
[   848.200] (II) LoadModule: "glamoregl"
[   848.200] (II) Loading /usr/lib/xorg/modules/libglamoregl.so
[   848.205] (II) Module glamoregl: vendor="X.Org Foundation"
[   848.205] 	compiled for 1.21.1.2, module version = 1.0.1
[   848.205] 	ABI class: X.Org ANSI C Emulation, version 0.4
[   848.238] (II) modeset(0): glamor X acceleration enabled on Mesa Intel(R) HD Graphics 620 (KBL GT2)
[   848.238] (II) modeset(0): glamor initialized
[   848.238] (==) modeset(0): VariableRefresh: disabled
[   848.238] (==) modeset(0): AsyncFlipSecondaries: disabled
[   848.239] (II) modeset(0): Output eDP-1 has no monitor section
[   848.242] (II) modeset(0): Output HDMI-1 has no monitor section
[   848.242] (II) modeset(0): Output DP-1 has no monitor section
[   848.420] (II) modeset(0): Output HDMI-2 has no monitor section
[   848.422] (II) modeset(0): EDID for output eDP-1
[   848.422] (II) modeset(0): Manufacturer: BOE  Model: 687  Serial#: 0
[   848.422] (II) modeset(0): Year: 2015  Week: 1
[   848.422] (II) modeset(0): EDID Version: 1.4
[   848.422] (II) modeset(0): Digital Display Input
[   848.422] (II) modeset(0): 8 bits per channel
[   848.422] (II) modeset(0): Digital interface is DisplayPort
[   848.422] (II) modeset(0): Max Image Size [cm]: horiz.: 34  vert.: 19
[   848.422] (II) modeset(0): Gamma: 2.20
[   848.422] (II) modeset(0): No DPMS capabilities specified
[   848.422] (II) modeset(0): Supported color encodings: RGB 4:4:4 
[   848.422] (II) modeset(0): First detailed timing is preferred mode
[   848.422] (II) modeset(0): Preferred mode is native pixel format and refresh rate
[   848.422] (II) modeset(0): redX: 0.592 redY: 0.347   greenX: 0.328 greenY: 0.570
[   848.422] (II) modeset(0): blueX: 0.150 blueY: 0.114   whiteX: 0.312 whiteY: 0.328
[   848.422] (II) modeset(0): Manufacturer's mask: 0
[   848.422] (II) modeset(0): Supported detailed timing:
[   848.422] (II) modeset(0): clock: 152.6 MHz   Image Size:  344 x 193 mm
[   848.422] (II) modeset(0): h_active: 1920  h_sync: 1968  h_sync_end 2000 h_blank_end 2192 h_border: 0
[   848.422] (II) modeset(0): v_active: 1080  v_sync: 1083  v_sync_end 1089 v_blanking: 1160 v_border: 0
[   848.422] (II) modeset(0): Supported detailed timing:
[   848.422] (II) modeset(0): clock: 94.3 MHz   Image Size:  344 x 193 mm
[   848.422] (II) modeset(0): h_active: 1920  h_sync: 2020  h_sync_end 2120 h_blank_end 2142 h_border: 0
[   848.422] (II) modeset(0): v_active: 1080  v_sync: 1100  v_sync_end 1120 v_blanking: 1100 v_border: 0
[   848.422] (II) modeset(0): Unknown vendor-specific block 2
[   848.422] (II) modeset(0): EDID (in hex):
[   848.422] (II) modeset(0): 	00ffffffffffff0009e5870600000000
[   848.422] (II) modeset(0): 	01190104a522137802b0909758549226
[   848.422] (II) modeset(0): 	1d505400000001010101010101010101
[   848.422] (II) modeset(0): 	0101010101019c3b8010713850403020
[   848.422] (II) modeset(0): 	360058c11000001ad62480de70381440
[   848.422] (II) modeset(0): 	6464440558c11000001a000000000000
[   848.422] (II) modeset(0): 	00000000000000000000000000000002
[   848.422] (II) modeset(0): 	000c43f60b3c6e0f101c730000000051
[   848.423] (II) modeset(0): Printing probed modes for output eDP-1
[   848.423] (II) modeset(0): Modeline "1920x1080"x60.0  152.60  1920 1968 2000 2192  1080 1083 1089 1160 +hsync -vsync (69.6 kHz eP)
[   848.423] (II) modeset(0): Modeline "1920x1080"x120.0  356.38  1920 2080 2288 2656  1080 1081 1084 1118 doublescan -hsync +vsync (134.2 kHz d)
[   848.423] (II) modeset(0): Modeline "1920x1080"x119.9  266.50  1920 1944 1960 2000  1080 1081 1084 1111 doublescan +hsync -vsync (133.2 kHz d)
[   848.423] (II) modeset(0): Modeline "1920x1080"x60.0  173.00  1920 2048 2248 2576  1080 1083 1088 1120 -hsync +vsync (67.2 kHz d)
[   848.423] (II) modeset(0): Modeline "1920x1080"x59.9  138.50  1920 1968 2000 2080  1080 1083 1088 1111 +hsync -vsync (66.6 kHz d)
[   848.423] (II) modeset(0): Modeline "1920x1080"x39.3   94.30  1920 2020 2120 2142  1080 1100 1120 1121 +hsync -vsync (44.0 kHz e)
[   848.423] (II) modeset(0): Modeline "1680x1050"x60.0  146.25  1680 1784 1960 2240  1050 1053 1059 1089 -hsync +vsync (65.3 kHz d)
[   848.423] (II) modeset(0): Modeline "1680x1050"x59.9  119.00  1680 1728 1760 1840  1050 1053 1059 1080 +hsync -vsync (64.7 kHz d)
[   848.423] (II) modeset(0): Modeline "1400x1050"x60.0  122.00  1400 1488 1640 1880  1050 1052 1064 1082 +hsync +vsync (64.9 kHz d)
[   848.423] (II) modeset(0): Modeline "1600x900"x120.0  246.00  1600 1728 1900 2200  900 901 904 932 doublescan -hsync +vsync (111.8 kHz d)
[   848.423] (II) modeset(0): Modeline "1600x900"x119.9  186.50  1600 1624 1640 1680  900 901 904 926 doublescan +hsync -vsync (111.0 kHz d)
[   848.423] (II) modeset(0): Modeline "1600x900"x59.9  118.25  1600 1696 1856 2112  900 903 908 934 -hsync +vsync (56.0 kHz d)
[   848.423] (II) modeset(0): Modeline "1600x900"x59.8   97.50  1600 1648 1680 1760  900 903 908 926 +hsync -vsync (55.4 kHz d)
[   848.423] (II) modeset(0): Modeline "1280x1024"x60.0  108.00  1280 1328 1440 1688  1024 1025 1028 1066 +hsync +vsync (64.0 kHz d)
[   848.423] (II) modeset(0): Modeline "1400x900"x60.0  103.50  1400 1480 1624 1848  900 903 913 934 -hsync +vsync (56.0 kHz d)
[   848.423] (II) modeset(0): Modeline "1400x900"x59.9   86.50  1400 1448 1480 1560  900 903 913 926 +hsync -vsync (55.4 kHz d)
[   848.423] (II) modeset(0): Modeline "1280x960"x60.0  108.00  1280 1376 1488 1800  960 961 964 1000 +hsync +vsync (60.0 kHz d)
[   848.423] (II) modeset(0): Modeline "1440x810"x120.0  198.12  1440 1548 1704 1968  810 811 814 839 doublescan -hsync +vsync (100.7 kHz d)
[   848.423] (II) modeset(0): Modeline "1440x810"x119.9  151.88  1440 1464 1480 1520  810 811 814 833 doublescan +hsync -vsync (99.9 kHz d)
[   848.423] (II) modeset(0): Modeline "1368x768"x59.9   85.25  1368 1440 1576 1784  768 771 781 798 -hsync +vsync (47.8 kHz d)
[   848.423] (II) modeset(0): Modeline "1368x768"x59.9   72.25  1368 1416 1448 1528  768 771 781 790 +hsync -vsync (47.3 kHz d)
[   848.423] (II) modeset(0): Modeline "1280x800"x120.0  174.25  1280 1380 1516 1752  800 801 804 829 doublescan -hsync +vsync (99.5 kHz d)
[   848.423] (II) modeset(0): Modeline "1280x800"x119.9  134.25  1280 1304 1320 1360  800 801 804 823 doublescan +hsync -vsync (98.7 kHz d)
[   848.423] (II) modeset(0): Modeline "1280x800"x59.8   83.50  1280 1352 1480 1680  800 803 809 831 -hsync +vsync (49.7 kHz d)
[   848.423] (II) modeset(0): Modeline "1280x800"x59.9   71.00  1280 1328 1360 1440  800 803 809 823 +hsync -vsync (49.3 kHz d)
[   848.423] (II) modeset(0): Modeline "1280x720"x120.0  156.12  1280 1376 1512 1744  720 721 724 746 doublescan -hsync +vsync (89.5 kHz d)
[   848.423] (II) modeset(0): Modeline "1280x720"x120.0  120.75  1280 1304 1320 1360  720 721 724 740 doublescan +hsync -vsync (88.8 kHz d)
[   848.423] (II) modeset(0): Modeline "1280x720"x59.9   74.50  1280 1344 1472 1664  720 723 728 748 -hsync +vsync (44.8 kHz d)
[   848.423] (II) modeset(0): Modeline "1280x720"x59.7   63.75  1280 1328 1360 1440  720 723 728 741 +hsync -vsync (44.3 kHz d)
[   848.423] (II) modeset(0): Modeline "1024x768"x120.1  133.47  1024 1100 1212 1400  768 768 770 794 doublescan -hsync +vsync (95.3 kHz d)
[   848.423] (II) modeset(0): Modeline "1024x768"x60.0   65.00  1024 1048 1184 1344  768 771 777 806 -hsync -vsync (48.4 kHz d)
[   848.423] (II) modeset(0): Modeline "960x720"x120.0  117.00  960 1024 1128 1300  720 720 722 750 doublescan -hsync +vsync (90.0 kHz d)
[   848.423] (II) modeset(0): Modeline "928x696"x120.1  109.15  928 976 1088 1264  696 696 698 719 doublescan -hsync +vsync (86.4 kHz d)
[   848.423] (II) modeset(0): Modeline "896x672"x120.0  102.40  896 960 1060 1224  672 672 674 697 doublescan -hsync +vsync (83.7 kHz d)
[   848.423] (II) modeset(0): Modeline "1024x576"x119.9   98.50  1024 1092 1200 1376  576 577 580 597 doublescan -hsync +vsync (71.6 kHz d)
[   848.423] (II) modeset(0): Modeline "1024x576"x119.9   78.38  1024 1048 1064 1104  576 577 580 592 doublescan +hsync -vsync (71.0 kHz d)
[   848.423] (II) modeset(0): Modeline "1024x576"x59.9   46.50  1024 1064 1160 1296  576 579 584 599 -hsync +vsync (35.9 kHz d)
[   848.423] (II) modeset(0): Modeline "1024x576"x59.8   42.00  1024 1072 1104 1184  576 579 584 593 +hsync -vsync (35.5 kHz d)
[   848.423] (II) modeset(0): Modeline "960x600"x119.9   96.62  960 1028 1128 1296  600 601 604 622 doublescan -hsync +vsync (74.6 kHz d)
[   848.423] (II) modeset(0): Modeline "960x600"x120.0   77.00  960 984 1000 1040  600 601 604 617 doublescan +hsync -vsync (74.0 kHz d)
[   848.423] (II) modeset(0): Modeline "960x540"x119.9   86.50  960 1024 1124 1288  540 541 544 560 doublescan -hsync +vsync (67.2 kHz d)
[   848.423] (II) modeset(0): Modeline "960x540"x120.0   69.25  960 984 1000 1040  540 541 544 555 doublescan +hsync -vsync (66.6 kHz d)
[   848.423] (II) modeset(0): Modeline "960x540"x59.6   40.75  960 992 1088 1216  540 543 548 562 -hsync +vsync (33.5 kHz d)
[   848.423] (II) modeset(0): Modeline "960x540"x59.8   37.25  960 1008 1040 1120  540 543 548 556 +hsync -vsync (33.3 kHz d)
[   848.423] (II) modeset(0): Modeline "800x600"x120.0   81.00  800 832 928 1080  600 600 602 625 doublescan +hsync +vsync (75.0 kHz d)
[   848.423] (II) modeset(0): Modeline "800x600"x60.3   40.00  800 840 968 1056  600 601 605 628 +hsync +vsync (37.9 kHz d)
[   848.423] (II) modeset(0): Modeline "800x600"x56.2   36.00  800 824 896 1024  600 601 603 625 +hsync +vsync (35.2 kHz d)
[   848.423] (II) modeset(0): Modeline "840x525"x120.0   73.12  840 892 980 1120  525 526 529 544 doublescan -hsync +vsync (65.3 kHz d)
[   848.423] (II) modeset(0): Modeline "840x525"x119.8   59.50  840 864 880 920  525 526 529 540 doublescan +hsync -vsync (64.7 kHz d)
[   848.423] (II) modeset(0): Modeline "864x486"x59.9   32.50  864 888 968 1072  486 489 494 506 -hsync +vsync (30.3 kHz d)
[   848.423] (II) modeset(0): Modeline "864x486"x59.6   30.50  864 912 944 1024  486 489 494 500 +hsync -vsync (29.8 kHz d)
[   848.423] (II) modeset(0): Modeline "700x525"x120.0   61.00  700 744 820 940  525 526 532 541 doublescan +hsync +vsync (64.9 kHz d)
[   848.423] (II) modeset(0): Modeline "800x450"x119.9   59.12  800 848 928 1056  450 451 454 467 doublescan -hsync +vsync (56.0 kHz d)
[   848.423] (II) modeset(0): Modeline "800x450"x119.6   48.75  800 824 840 880  450 451 454 463 doublescan +hsync -vsync (55.4 kHz d)
[   848.423] (II) modeset(0): Modeline "640x512"x120.0   54.00  640 664 720 844  512 512 514 533 doublescan +hsync +vsync (64.0 kHz d)
[   848.423] (II) modeset(0): Modeline "700x450"x119.9   51.75  700 740 812 924  450 451 456 467 doublescan -hsync +vsync (56.0 kHz d)
[   848.423] (II) modeset(0): Modeline "700x450"x119.8   43.25  700 724 740 780  450 451 456 463 doublescan +hsync -vsync (55.4 kHz d)
[   848.423] (II) modeset(0): Modeline "640x480"x120.0   54.00  640 688 744 900  480 480 482 500 doublescan +hsync +vsync (60.0 kHz d)
[   848.423] (II) modeset(0): Modeline "640x480"x59.9   25.18  640 656 752 800  480 490 492 525 -hsync -vsync (31.5 kHz d)
[   848.423] (II) modeset(0): Modeline "720x405"x59.5   22.50  720 744 808 896  405 408 413 422 -hsync +vsync (25.1 kHz d)
[   848.423] (II) modeset(0): Modeline "720x405"x59.0   21.75  720 768 800 880  405 408 413 419 +hsync -vsync (24.7 kHz d)
[   848.423] (II) modeset(0): Modeline "684x384"x119.8   42.62  684 720 788 892  384 385 390 399 doublescan -hsync +vsync (47.8 kHz d)
[   848.423] (II) modeset(0): Modeline "684x384"x119.7   36.12  684 708 724 764  384 385 390 395 doublescan +hsync -vsync (47.3 kHz d)
[   848.423] (II) modeset(0): Modeline "640x400"x119.8   41.75  640 676 740 840  400 401 404 415 doublescan -hsync +vsync (49.7 kHz d)
[   848.423] (II) modeset(0): Modeline "640x400"x120.0   35.50  640 664 680 720  400 401 404 411 doublescan +hsync -vsync (49.3 kHz d)
[   848.423] (II) modeset(0): Modeline "640x360"x119.7   37.25  640 672 736 832  360 361 364 374 doublescan -hsync +vsync (44.8 kHz d)
[   848.423] (II) modeset(0): Modeline "640x360"x119.7   31.88  640 664 680 720  360 361 364 370 doublescan +hsync -vsync (44.3 kHz d)
[   848.423] (II) modeset(0): Modeline "640x360"x59.8   18.00  640 664 720 800  360 363 368 376 -hsync +vsync (22.5 kHz d)
[   848.423] (II) modeset(0): Modeline "640x360"x59.3   17.75  640 688 720 800  360 363 368 374 +hsync -vsync (22.2 kHz d)
[   848.423] (II) modeset(0): Modeline "512x384"x120.0   32.50  512 524 592 672  384 385 388 403 doublescan -hsync -vsync (48.4 kHz d)
[   848.424] (II) modeset(0): Modeline "512x288"x120.0   23.25  512 532 580 648  288 289 292 299 doublescan -hsync +vsync (35.9 kHz d)
[   848.424] (II) modeset(0): Modeline "512x288"x119.8   21.00  512 536 552 592  288 289 292 296 doublescan +hsync -vsync (35.5 kHz d)
[   848.424] (II) modeset(0): Modeline "480x270"x119.3   20.38  480 496 544 608  270 271 274 281 doublescan -hsync +vsync (33.5 kHz d)
[   848.424] (II) modeset(0): Modeline "480x270"x119.6   18.62  480 504 520 560  270 271 274 278 doublescan +hsync -vsync (33.3 kHz d)
[   848.424] (II) modeset(0): Modeline "400x300"x120.6   20.00  400 420 484 528  300 300 302 314 doublescan +hsync +vsync (37.9 kHz d)
[   848.424] (II) modeset(0): Modeline "400x300"x112.7   18.00  400 412 448 512  300 300 301 312 doublescan +hsync +vsync (35.2 kHz d)
[   848.424] (II) modeset(0): Modeline "432x243"x119.8   16.25  432 444 484 536  243 244 247 253 doublescan -hsync +vsync (30.3 kHz d)
[   848.424] (II) modeset(0): Modeline "432x243"x119.1   15.25  432 456 472 512  243 244 247 250 doublescan +hsync -vsync (29.8 kHz d)
[   848.424] (II) modeset(0): Modeline "320x240"x120.1   12.59  320 328 376 400  240 245 246 262 doublescan -hsync -vsync (31.5 kHz d)
[   848.424] (II) modeset(0): Modeline "360x202"x119.0   11.25  360 372 404 448  202 204 206 211 doublescan -hsync +vsync (25.1 kHz d)
[   848.424] (II) modeset(0): Modeline "360x202"x118.3   10.88  360 384 400 440  202 204 206 209 doublescan +hsync -vsync (24.7 kHz d)
[   848.424] (II) modeset(0): Modeline "320x180"x119.7    9.00  320 332 360 400  180 181 184 188 doublescan -hsync +vsync (22.5 kHz d)
[   848.424] (II) modeset(0): Modeline "320x180"x118.6    8.88  320 344 360 400  180 181 184 187 doublescan +hsync -vsync (22.2 kHz d)
[   848.427] (II) modeset(0): EDID for output HDMI-1
[   848.427] (II) modeset(0): EDID for output DP-1
[   848.607] (II) modeset(0): EDID for output HDMI-2
[   848.607] (II) modeset(0): Output eDP-1 connected
[   848.607] (II) modeset(0): Output HDMI-1 disconnected
[   848.607] (II) modeset(0): Output DP-1 disconnected
[   848.607] (II) modeset(0): Output HDMI-2 disconnected
[   848.607] (II) modeset(0): Using exact sizes for initial modes
[   848.607] (II) modeset(0): Output eDP-1 using initial mode 1920x1080 +0+0
[   848.607] (==) modeset(0): Using gamma correction (1.0, 1.0, 1.0)
[   848.607] (==) modeset(0): DPI set to (96, 96)
[   848.607] (II) Loading sub module "fb"
[   848.607] (II) LoadModule: "fb"
[   848.607] (II) Module "fb" already built-in
[   848.607] (II) UnloadModule: "fbdev"
[   848.607] (II) Unloading fbdev
[   848.607] (II) UnloadSubModule: "fbdevhw"
[   848.607] (II) Unloading fbdevhw
[   848.607] (II) UnloadModule: "vesa"
[   848.607] (II) Unloading vesa
[   848.622] (==) modeset(0): Backing store enabled
[   848.622] (==) modeset(0): Silken mouse enabled
[   848.692] (II) modeset(0): Initializing kms color map for depth 24, 8 bpc.
[   848.692] (==) modeset(0): DPMS enabled
[   848.692] (II) modeset(0): [DRI2] Setup complete
[   848.692] (II) modeset(0): [DRI2]   DRI driver: iris
[   848.692] (II) modeset(0): [DRI2]   VDPAU driver: va_gl
[   848.692] (II) Initializing extension Generic Event Extension
[   848.693] (II) Initializing extension SHAPE
[   848.693] (II) Initializing extension MIT-SHM
[   848.693] (II) Initializing extension XInputExtension
[   848.694] (II) Initializing extension XTEST
[   848.694] (II) Initializing extension BIG-REQUESTS
[   848.694] (II) Initializing extension SYNC
[   848.694] (II) Initializing extension XKEYBOARD
[   848.695] (II) Initializing extension XC-MISC
[   848.695] (II) Initializing extension SECURITY
[   848.695] (II) Initializing extension XFIXES
[   848.696] (II) Initializing extension RENDER
[   848.696] (II) Initializing extension RANDR
[   848.696] (II) Initializing extension COMPOSITE
[   848.697] (II) Initializing extension DAMAGE
[   848.697] (II) Initializing extension MIT-SCREEN-SAVER
[   848.697] (II) Initializing extension DOUBLE-BUFFER
[   848.698] (II) Initializing extension RECORD
[   848.698] (II) Initializing extension DPMS
[   848.698] (II) Initializing extension Present
[   848.698] (II) Initializing extension DRI3
[   848.699] (II) Initializing extension X-Resource
[   848.699] (II) Initializing extension XVideo
[   848.699] (II) Initializing extension XVideo-MotionCompensation
[   848.699] (II) Initializing extension GLX
[   848.717] (II) AIGLX: Loaded and initialized iris
[   848.717] (II) GLX: Initialized DRI2 GL provider for screen 0
[   848.717] (II) Initializing extension XFree86-VidModeExtension
[   848.717] (II) Initializing extension XFree86-DGA
[   848.718] (II) Initializing extension XFree86-DRI
[   848.718] (II) Initializing extension DRI2
[   848.719] (II) modeset(0): Damage tracking initialized
[   848.719] (II) modeset(0): Setting screen physical size to 508 x 285
[   848.795] (II) config/udev: Adding input device Power Button (/dev/input/event1)
[   848.795] (**) Power Button: Applying InputClass "libinput keyboard catchall"
[   848.795] (II) LoadModule: "libinput"
[   848.795] (II) Loading /usr/lib/xorg/modules/input/libinput_drv.so
[   848.797] (II) Module libinput: vendor="X.Org Foundation"
[   848.797] 	compiled for 1.21.1, module version = 1.2.0
[   848.797] 	Module class: X.Org XInput Driver
[   848.797] 	ABI class: X.Org XInput driver, version 24.4
[   848.797] (II) Using input driver 'libinput' for 'Power Button'
[   848.798] (II) systemd-logind: got fd for /dev/input/event1 13:65 fd 25 paused 0
[   848.798] (**) Power Button: always reports core events
[   848.798] (**) Option "Device" "/dev/input/event1"
[   848.798] (**) Option "_source" "server/udev"
[   848.800] (II) event1  - Power Button: is tagged by udev as: Keyboard
[   848.800] (II) event1  - Power Button: device is a keyboard
[   848.800] (II) event1  - Power Button: device removed
[   848.800] (**) Option "config_info" "udev:/sys/devices/LNXSYSTM:00/LNXPWRBN:00/input/input1/event1"
[   848.800] (II) XINPUT: Adding extended input device "Power Button" (type: KEYBOARD, id 6)
[   848.801] (II) event1  - Power Button: is tagged by udev as: Keyboard
[   848.801] (II) event1  - Power Button: device is a keyboard
[   848.801] (II) config/udev: Adding input device Video Bus (/dev/input/event9)
[   848.801] (**) Video Bus: Applying InputClass "libinput keyboard catchall"
[   848.801] (II) Using input driver 'libinput' for 'Video Bus'
[   848.802] (II) systemd-logind: got fd for /dev/input/event9 13:73 fd 28 paused 0
[   848.802] (**) Video Bus: always reports core events
[   848.802] (**) Option "Device" "/dev/input/event9"
[   848.802] (**) Option "_source" "server/udev"
[   848.803] (II) event9  - Video Bus: is tagged by udev as: Keyboard
[   848.803] (II) event9  - Video Bus: device is a keyboard
[   848.803] (II) event9  - Video Bus: device removed
[   848.803] (**) Option "config_info" "udev:/sys/devices/LNXSYSTM:00/LNXSYBUS:00/PNP0A08:00/LNXVIDEO:00/input/input10/event9"
[   848.803] (II) XINPUT: Adding extended input device "Video Bus" (type: KEYBOARD, id 7)
[   848.804] (II) event9  - Video Bus: is tagged by udev as: Keyboard
[   848.804] (II) event9  - Video Bus: device is a keyboard
[   848.805] (II) config/udev: Adding input device Lid Switch (/dev/input/event0)
[   848.805] (II) No input driver specified, ignoring this device.
[   848.805] (II) This device may have been added with another device file.
[   848.806] (II) config/udev: Adding input device USB USB Keyboard (/dev/input/event3)
[   848.806] (**) USB USB Keyboard: Applying InputClass "libinput keyboard catchall"
[   848.806] (II) Using input driver 'libinput' for 'USB USB Keyboard'
[   848.806] (II) systemd-logind: got fd for /dev/input/event3 13:67 fd 29 paused 0
[   848.806] (**) USB USB Keyboard: always reports core events
[   848.806] (**) Option "Device" "/dev/input/event3"
[   848.807] (**) Option "_source" "server/udev"
[   848.808] (II) event3  - USB USB Keyboard: is tagged by udev as: Keyboard
[   848.808] (II) event3  - USB USB Keyboard: device is a keyboard
[   848.808] (II) event3  - USB USB Keyboard: device removed
[   848.808] (**) Option "config_info" "udev:/sys/devices/pci0000:00/0000:00:14.0/usb1/1-1/1-1:1.0/0003:1A2C:2C27.0001/input/input4/event3"
[   848.808] (II) XINPUT: Adding extended input device "USB USB Keyboard" (type: KEYBOARD, id 8)
[   848.809] (II) event3  - USB USB Keyboard: is tagged by udev as: Keyboard
[   848.810] (II) event3  - USB USB Keyboard: device is a keyboard
[   848.810] (II) config/udev: Adding input device USB USB Keyboard Consumer Control (/dev/input/event4)
[   848.811] (**) USB USB Keyboard Consumer Control: Applying InputClass "libinput keyboard catchall"
[   848.811] (II) Using input driver 'libinput' for 'USB USB Keyboard Consumer Control'
[   848.811] (II) systemd-logind: got fd for /dev/input/event4 13:68 fd 30 paused 0
[   848.811] (**) USB USB Keyboard Consumer Control: always reports core events
[   848.811] (**) Option "Device" "/dev/input/event4"
[   848.811] (**) Option "_source" "server/udev"
[   848.813] (II) event4  - USB USB Keyboard Consumer Control: is tagged by udev as: Keyboard
[   848.813] (II) event4  - USB USB Keyboard Consumer Control: device is a keyboard
[   848.813] (II) event4  - USB USB Keyboard Consumer Control: device removed
[   848.813] (II) libinput: USB USB Keyboard Consumer Control: needs a virtual subdevice
[   848.813] (**) Option "config_info" "udev:/sys/devices/pci0000:00/0000:00:14.0/usb1/1-1/1-1:1.1/0003:1A2C:2C27.0002/input/input5/event4"
[   848.813] (II) XINPUT: Adding extended input device "USB USB Keyboard Consumer Control" (type: MOUSE, id 9)
[   848.813] (**) Option "AccelerationScheme" "none"
[   848.813] (**) USB USB Keyboard Consumer Control: (accel) selected scheme none/0
[   848.813] (**) USB USB Keyboard Consumer Control: (accel) acceleration factor: 2.000
[   848.813] (**) USB USB Keyboard Consumer Control: (accel) acceleration threshold: 4
[   848.814] (II) event4  - USB USB Keyboard Consumer Control: is tagged by udev as: Keyboard
[   848.814] (II) event4  - USB USB Keyboard Consumer Control: device is a keyboard
[   848.815] (II) config/udev: Adding input device USB USB Keyboard System Control (/dev/input/event5)
[   848.815] (**) USB USB Keyboard System Control: Applying InputClass "libinput keyboard catchall"
[   848.815] (II) Using input driver 'libinput' for 'USB USB Keyboard System Control'
[   848.816] (II) systemd-logind: got fd for /dev/input/event5 13:69 fd 31 paused 0
[   848.816] (**) USB USB Keyboard System Control: always reports core events
[   848.816] (**) Option "Device" "/dev/input/event5"
[   848.816] (**) Option "_source" "server/udev"
[   848.817] (II) event5  - USB USB Keyboard System Control: is tagged by udev as: Keyboard
[   848.817] (II) event5  - USB USB Keyboard System Control: device is a keyboard
[   848.817] (II) event5  - USB USB Keyboard System Control: device removed
[   848.817] (**) Option "config_info" "udev:/sys/devices/pci0000:00/0000:00:14.0/usb1/1-1/1-1:1.1/0003:1A2C:2C27.0002/input/input6/event5"
[   848.817] (II) XINPUT: Adding extended input device "USB USB Keyboard System Control" (type: KEYBOARD, id 10)
[   848.819] (II) event5  - USB USB Keyboard System Control: is tagged by udev as: Keyboard
[   848.819] (II) event5  - USB USB Keyboard System Control: device is a keyboard
[   848.820] (II) config/udev: Adding input device HID 1bcf:08a0 Mouse (/dev/input/event6)
[   848.820] (**) HID 1bcf:08a0 Mouse: Applying InputClass "libinput pointer catchall"
[   848.820] (II) Using input driver 'libinput' for 'HID 1bcf:08a0 Mouse'
[   848.820] (II) systemd-logind: got fd for /dev/input/event6 13:70 fd 32 paused 0
[   848.820] (**) HID 1bcf:08a0 Mouse: always reports core events
[   848.820] (**) Option "Device" "/dev/input/event6"
[   848.820] (**) Option "_source" "server/udev"
[   848.822] (II) event6  - HID 1bcf:08a0 Mouse: is tagged by udev as: Mouse
[   848.822] (II) event6  - HID 1bcf:08a0 Mouse: device is a pointer
[   848.822] (II) event6  - HID 1bcf:08a0 Mouse: device removed
[   848.822] (**) Option "config_info" "udev:/sys/devices/pci0000:00/0000:00:14.0/usb1/1-2/1-2:1.0/0003:1BCF:08A0.0003/input/input7/event6"
[   848.822] (II) XINPUT: Adding extended input device "HID 1bcf:08a0 Mouse" (type: MOUSE, id 11)
[   848.822] (**) Option "AccelerationScheme" "none"
[   848.822] (**) HID 1bcf:08a0 Mouse: (accel) selected scheme none/0
[   848.822] (**) HID 1bcf:08a0 Mouse: (accel) acceleration factor: 2.000
[   848.822] (**) HID 1bcf:08a0 Mouse: (accel) acceleration threshold: 4
[   848.824] (II) event6  - HID 1bcf:08a0 Mouse: is tagged by udev as: Mouse
[   848.824] (II) event6  - HID 1bcf:08a0 Mouse: device is a pointer
[   848.824] (II) config/udev: Adding input device HID 1bcf:08a0 Mouse (/dev/input/mouse0)
[   848.824] (II) No input driver specified, ignoring this device.
[   848.824] (II) This device may have been added with another device file.
[   848.825] (II) config/udev: Adding input device HID 1bcf:08a0 Keyboard (/dev/input/event7)
[   848.825] (**) HID 1bcf:08a0 Keyboard: Applying InputClass "libinput keyboard catchall"
[   848.825] (II) Using input driver 'libinput' for 'HID 1bcf:08a0 Keyboard'
[   848.826] (II) systemd-logind: got fd for /dev/input/event7 13:71 fd 33 paused 0
[   848.826] (**) HID 1bcf:08a0 Keyboard: always reports core events
[   848.826] (**) Option "Device" "/dev/input/event7"
[   848.826] (**) Option "_source" "server/udev"
[   848.827] (II) event7  - HID 1bcf:08a0 Keyboard: is tagged by udev as: Keyboard
[   848.827] (II) event7  - HID 1bcf:08a0 Keyboard: device is a keyboard
[   848.827] (II) event7  - HID 1bcf:08a0 Keyboard: device removed
[   848.828] (II) libinput: HID 1bcf:08a0 Keyboard: needs a virtual subdevice
[   848.828] (**) Option "config_info" "udev:/sys/devices/pci0000:00/0000:00:14.0/usb1/1-2/1-2:1.0/0003:1BCF:08A0.0003/input/input8/event7"
[   848.828] (II) XINPUT: Adding extended input device "HID 1bcf:08a0 Keyboard" (type: MOUSE, id 12)
[   848.828] (**) Option "AccelerationScheme" "none"
[   848.828] (**) HID 1bcf:08a0 Keyboard: (accel) selected scheme none/0
[   848.828] (**) HID 1bcf:08a0 Keyboard: (accel) acceleration factor: 2.000
[   848.828] (**) HID 1bcf:08a0 Keyboard: (accel) acceleration threshold: 4
[   848.829] (II) event7  - HID 1bcf:08a0 Keyboard: is tagged by udev as: Keyboard
[   848.829] (II) event7  - HID 1bcf:08a0 Keyboard: device is a keyboard
[   848.830] (II) config/udev: Adding input device HP TrueVision HD Camera: HP Tru (/dev/input/event19)
[   848.830] (**) HP TrueVision HD Camera: HP Tru: Applying InputClass "libinput keyboard catchall"
[   848.830] (II) Using input driver 'libinput' for 'HP TrueVision HD Camera: HP Tru'
[   848.830] (II) systemd-logind: got fd for /dev/input/event19 13:83 fd 34 paused 0
[   848.831] (**) HP TrueVision HD Camera: HP Tru: always reports core events
[   848.831] (**) Option "Device" "/dev/input/event19"
[   848.831] (**) Option "_source" "server/udev"
[   848.832] (II) event19 - HP TrueVision HD Camera: HP Tru: is tagged by udev as: Keyboard
[   848.832] (II) event19 - HP TrueVision HD Camera: HP Tru: device is a keyboard
[   848.832] (II) event19 - HP TrueVision HD Camera: HP Tru: device removed
[   848.832] (**) Option "config_info" "udev:/sys/devices/pci0000:00/0000:00:14.0/usb1/1-5/1-5:1.0/input/input21/event19"
[   848.832] (II) XINPUT: Adding extended input device "HP TrueVision HD Camera: HP Tru" (type: KEYBOARD, id 13)
[   848.833] (II) event19 - HP TrueVision HD Camera: HP Tru: is tagged by udev as: Keyboard
[   848.833] (II) event19 - HP TrueVision HD Camera: HP Tru: device is a keyboard
[   848.834] (II) config/udev: Adding input device HDA Intel PCH Mic (/dev/input/event12)
[   848.834] (II) No input driver specified, ignoring this device.
[   848.834] (II) This device may have been added with another device file.
[   848.834] (II) config/udev: Adding input device HDA Intel PCH Headphone (/dev/input/event13)
[   848.834] (II) No input driver specified, ignoring this device.
[   848.834] (II) This device may have been added with another device file.
[   848.834] (II) config/udev: Adding input device HDA Intel PCH HDMI/DP,pcm=3 (/dev/input/event14)
[   848.834] (II) No input driver specified, ignoring this device.
[   848.834] (II) This device may have been added with another device file.
[   848.835] (II) config/udev: Adding input device HDA Intel PCH HDMI/DP,pcm=7 (/dev/input/event15)
[   848.835] (II) No input driver specified, ignoring this device.
[   848.835] (II) This device may have been added with another device file.
[   848.835] (II) config/udev: Adding input device HDA Intel PCH HDMI/DP,pcm=8 (/dev/input/event16)
[   848.835] (II) No input driver specified, ignoring this device.
[   848.835] (II) This device may have been added with another device file.
[   848.835] (II) config/udev: Adding input device HDA Intel PCH HDMI/DP,pcm=9 (/dev/input/event17)
[   848.835] (II) No input driver specified, ignoring this device.
[   848.835] (II) This device may have been added with another device file.
[   848.836] (II) config/udev: Adding input device HDA Intel PCH HDMI/DP,pcm=10 (/dev/input/event18)
[   848.836] (II) No input driver specified, ignoring this device.
[   848.836] (II) This device may have been added with another device file.
[   848.836] (II) config/udev: Adding input device AT Translated Set 2 keyboard (/dev/input/event2)
[   848.836] (**) AT Translated Set 2 keyboard: Applying InputClass "libinput keyboard catchall"
[   848.836] (II) Using input driver 'libinput' for 'AT Translated Set 2 keyboard'
[   848.837] (II) systemd-logind: got fd for /dev/input/event2 13:66 fd 35 paused 0
[   848.837] (**) AT Translated Set 2 keyboard: always reports core events
[   848.837] (**) Option "Device" "/dev/input/event2"
[   848.837] (**) Option "_source" "server/udev"
[   848.838] (II) event2  - AT Translated Set 2 keyboard: is tagged by udev as: Keyboard
[   848.838] (II) event2  - AT Translated Set 2 keyboard: device is a keyboard
[   848.839] (II) event2  - AT Translated Set 2 keyboard: device removed
[   848.839] (**) Option "config_info" "udev:/sys/devices/platform/i8042/serio0/input/input2/event2"
[   848.839] (II) XINPUT: Adding extended input device "AT Translated Set 2 keyboard" (type: KEYBOARD, id 14)
[   848.840] (II) event2  - AT Translated Set 2 keyboard: is tagged by udev as: Keyboard
[   848.840] (II) event2  - AT Translated Set 2 keyboard: device is a keyboard
[   848.841] (II) config/udev: Adding input device SynPS/2 Synaptics TouchPad (/dev/input/event11)
[   848.841] (**) SynPS/2 Synaptics TouchPad: Applying InputClass "libinput touchpad catchall"
[   848.841] (II) Using input driver 'libinput' for 'SynPS/2 Synaptics TouchPad'
[   848.842] (II) systemd-logind: got fd for /dev/input/event11 13:75 fd 36 paused 0
[   848.842] (**) SynPS/2 Synaptics TouchPad: always reports core events
[   848.842] (**) Option "Device" "/dev/input/event11"
[   848.842] (**) Option "_source" "server/udev"
[   848.843] (II) event11 - SynPS/2 Synaptics TouchPad: is tagged by udev as: Touchpad
[   848.844] (II) event11 - SynPS/2 Synaptics TouchPad: device is a touchpad
[   848.844] (II) event11 - SynPS/2 Synaptics TouchPad: device removed
[   848.844] (**) Option "config_info" "udev:/sys/devices/platform/i8042/serio1/input/input12/event11"
[   848.844] (II) XINPUT: Adding extended input device "SynPS/2 Synaptics TouchPad" (type: TOUCHPAD, id 15)
[   848.845] (**) Option "AccelerationScheme" "none"
[   848.845] (**) SynPS/2 Synaptics TouchPad: (accel) selected scheme none/0
[   848.845] (**) SynPS/2 Synaptics TouchPad: (accel) acceleration factor: 2.000
[   848.845] (**) SynPS/2 Synaptics TouchPad: (accel) acceleration threshold: 4
[   848.846] (II) event11 - SynPS/2 Synaptics TouchPad: is tagged by udev as: Touchpad
[   848.847] (II) event11 - SynPS/2 Synaptics TouchPad: device is a touchpad
[   848.848] (II) config/udev: Adding input device SynPS/2 Synaptics TouchPad (/dev/input/mouse1)
[   848.848] (II) No input driver specified, ignoring this device.
[   848.848] (II) This device may have been added with another device file.
[   848.848] (II) config/udev: Adding input device PC Speaker (/dev/input/event10)
[   848.848] (II) No input driver specified, ignoring this device.
[   848.848] (II) This device may have been added with another device file.
[   848.850] (II) config/udev: Adding input device HP WMI hotkeys (/dev/input/event20)
[   848.850] (**) HP WMI hotkeys: Applying InputClass "libinput keyboard catchall"
[   848.850] (II) Using input driver 'libinput' for 'HP WMI hotkeys'
[   848.851] (II) systemd-logind: got fd for /dev/input/event20 13:84 fd 37 paused 0
[   848.851] (**) HP WMI hotkeys: always reports core events
[   848.851] (**) Option "Device" "/dev/input/event20"
[   848.851] (**) Option "_source" "server/udev"
[   848.852] (II) event20 - HP WMI hotkeys: is tagged by udev as: Keyboard Switch
[   848.852] (II) event20 - HP WMI hotkeys: device is a keyboard
[   848.852] (II) event20 - HP WMI hotkeys: device removed
[   848.852] (**) Option "config_info" "udev:/sys/devices/virtual/input/input13/event20"
[   848.852] (II) XINPUT: Adding extended input device "HP WMI hotkeys" (type: KEYBOARD, id 16)
[   848.852] (II) event20 - HP WMI hotkeys: is tagged by udev as: Keyboard Switch
[   848.853] (II) event20 - HP WMI hotkeys: device is a keyboard
[   848.853] (II) config/udev: Adding input device Wireless hotkeys (/dev/input/event8)
[   848.853] (**) Wireless hotkeys: Applying InputClass "libinput keyboard catchall"
[   848.853] (II) Using input driver 'libinput' for 'Wireless hotkeys'
[   848.854] (II) systemd-logind: got fd for /dev/input/event8 13:72 fd 38 paused 0
[   848.854] (**) Wireless hotkeys: always reports core events
[   848.854] (**) Option "Device" "/dev/input/event8"
[   848.854] (**) Option "_source" "server/udev"
[   848.854] (II) event8  - Wireless hotkeys: is tagged by udev as: Keyboard
[   848.854] (II) event8  - Wireless hotkeys: device is a keyboard
[   848.855] (II) event8  - Wireless hotkeys: device removed
[   848.855] (**) Option "config_info" "udev:/sys/devices/virtual/input/input9/event8"
[   848.855] (II) XINPUT: Adding extended input device "Wireless hotkeys" (type: KEYBOARD, id 17)
[   848.855] (II) event8  - Wireless hotkeys: is tagged by udev as: Keyboard
[   848.855] (II) event8  - Wireless hotkeys: device is a keyboard
[   848.874] (**) USB USB Keyboard Consumer Control: Applying InputClass "libinput keyboard catchall"
[   848.874] (II) Using input driver 'libinput' for 'USB USB Keyboard Consumer Control'
[   848.874] (II) systemd-logind: returning pre-existing fd for /dev/input/event4 13:68
[   848.874] (**) USB USB Keyboard Consumer Control: always reports core events
[   848.874] (**) Option "Device" "/dev/input/event4"
[   848.875] (**) Option "_source" "_driver/libinput"
[   848.875] (II) libinput: USB USB Keyboard Consumer Control: is a virtual subdevice
[   848.875] (**) Option "config_info" "udev:/sys/devices/pci0000:00/0000:00:14.0/usb1/1-1/1-1:1.1/0003:1A2C:2C27.0002/input/input5/event4"
[   848.875] (II) XINPUT: Adding extended input device "USB USB Keyboard Consumer Control" (type: KEYBOARD, id 18)
[   848.875] (**) HID 1bcf:08a0 Keyboard: Applying InputClass "libinput keyboard catchall"
[   848.875] (II) Using input driver 'libinput' for 'HID 1bcf:08a0 Keyboard'
[   848.875] (II) systemd-logind: returning pre-existing fd for /dev/input/event7 13:71
[   848.875] (**) HID 1bcf:08a0 Keyboard: always reports core events
[   848.875] (**) Option "Device" "/dev/input/event7"
[   848.875] (**) Option "_source" "_driver/libinput"
[   848.875] (II) libinput: HID 1bcf:08a0 Keyboard: is a virtual subdevice
[   848.875] (**) Option "config_info" "udev:/sys/devices/pci0000:00/0000:00:14.0/usb1/1-2/1-2:1.0/0003:1BCF:08A0.0003/input/input8/event7"
[   848.875] (II) XINPUT: Adding extended input device "HID 1bcf:08a0 Keyboard" (type: KEYBOARD, id 19)
[  1201.616] (EE) event3  - USB USB Keyboard: client bug: event processing lagging behind by 25ms, your system is too slow
[  1217.176] (EE) event3  - USB USB Keyboard: client bug: event processing lagging behind by 19ms, your system is too slow
[  1235.272] (EE) event3  - USB USB Keyboard: client bug: event processing lagging behind by 28ms, your system is too slow
[  1310.600] (EE) event3  - USB USB Keyboard: client bug: event processing lagging behind by 16ms, your system is too slow
[  1439.080] (EE) event3  - USB USB Keyboard: client bug: event processing lagging behind by 13ms, your system is too slow
[  1439.080] (EE) event3  - USB USB Keyboard: WARNING: log rate limit exceeded (5 msgs per 60min). Discarding future messages.
[  1706.952] (**) Option "fd" "25"
[  1706.952] (II) event1  - Power Button: device removed
[  1706.952] (**) Option "fd" "28"
[  1706.952] (II) event9  - Video Bus: device removed
[  1706.952] (**) Option "fd" "29"
[  1706.952] (II) event3  - USB USB Keyboard: device removed
[  1706.953] (**) Option "fd" "30"
[  1706.953] (**) Option "fd" "31"
[  1706.953] (II) event5  - USB USB Keyboard System Control: device removed
[  1706.953] (**) Option "fd" "32"
[  1706.953] (II) event6  - HID 1bcf:08a0 Mouse: device removed
[  1706.953] (**) Option "fd" "33"
[  1706.953] (**) Option "fd" "34"
[  1706.953] (II) event19 - HP TrueVision HD Camera: HP Tru: device removed
[  1706.953] (**) Option "fd" "35"
[  1706.953] (II) event2  - AT Translated Set 2 keyboard: device removed
[  1706.953] (**) Option "fd" "36"
[  1706.953] (II) event11 - SynPS/2 Synaptics TouchPad: device removed
[  1706.953] (**) Option "fd" "37"
[  1706.953] (II) event20 - HP WMI hotkeys: device removed
[  1706.953] (**) Option "fd" "38"
[  1706.953] (II) event8  - Wireless hotkeys: device removed
[  1706.953] (**) Option "fd" "30"
[  1706.953] (II) event4  - USB USB Keyboard Consumer Control: device removed
[  1706.953] (**) Option "fd" "33"
[  1706.953] (II) event7  - HID 1bcf:08a0 Keyboard: device removed
[  1706.970] (II) UnloadModule: "libinput"
[  1706.970] (II) systemd-logind: not releasing fd for 13:71, still in use
[  1706.970] (II) UnloadModule: "libinput"
[  1706.970] (II) systemd-logind: not releasing fd for 13:68, still in use
[  1706.970] (II) UnloadModule: "libinput"
[  1706.970] (II) systemd-logind: releasing fd for 13:72
[  1707.047] (II) UnloadModule: "libinput"
[  1707.047] (II) systemd-logind: releasing fd for 13:84
[  1707.087] (II) UnloadModule: "libinput"
[  1707.087] (II) systemd-logind: releasing fd for 13:75
[  1707.167] (II) UnloadModule: "libinput"
[  1707.167] (II) systemd-logind: releasing fd for 13:66
[  1707.191] (II) UnloadModule: "libinput"
[  1707.191] (II) systemd-logind: releasing fd for 13:83
[  1707.217] (II) UnloadModule: "libinput"
[  1707.217] (II) systemd-logind: releasing fd for 13:71
[  1707.261] (II) UnloadModule: "libinput"
[  1707.261] (II) systemd-logind: releasing fd for 13:70
[  1707.307] (II) UnloadModule: "libinput"
[  1707.307] (II) systemd-logind: releasing fd for 13:69
[  1707.330] (II) UnloadModule: "libinput"
[  1707.331] (II) systemd-logind: releasing fd for 13:68
[  1707.360] (II) UnloadModule: "libinput"
[  1707.360] (II) systemd-logind: releasing fd for 13:67
[  1707.394] (II) UnloadModule: "libinput"
[  1707.394] (II) systemd-logind: releasing fd for 13:73
[  1707.438] (II) UnloadModule: "libinput"
[  1707.438] (II) systemd-logind: releasing fd for 13:65
[  1707.489] (WW) xf86CloseConsole: KDSETMODE failed: Input/output error
[  1707.489] (WW) xf86CloseConsole: VT_GETMODE failed: Input/output error
[  1707.489] (WW) xf86OpenConsole: VT_GETSTATE failed: Input/output error
[  1707.491] (II) Server terminated successfully (0). Closing log file.
