[2022-01-04 20:04:46.964] [exthost] [info] Extension host with pid 419580 started
[2022-01-04 20:04:46.964] [exthost] [info] Skipping acquiring lock for /home/shashank/.config/Code/User/workspaceStorage/797efc8fa2bb2637dfb96637c8d672b9.
[2022-01-04 20:04:47.600] [exthost] [info] ExtensionService#_doActivateExtension vscode.microsoft-authentication, startup: false, activationEvent: 'onAuthenticationRequest:microsoft'
[2022-01-04 20:04:47.618] [exthost] [info] ExtensionService#_doActivateExtension cschlosser.doxdocgen, startup: false, activationEvent: 'onLanguage:cpp'
[2022-01-04 20:04:47.722] [exthost] [info] ExtensionService#_doActivateExtension ms-vscode.cpptools, startup: false, activationEvent: 'onLanguage:cpp'
[2022-01-04 20:04:47.787] [exthost] [info] ExtensionService#_doActivateExtension vscode.debug-auto-launch, startup: true, activationEvent: '*'
[2022-01-04 20:04:47.790] [exthost] [info] ExtensionService#_doActivateExtension vscode.git-base, startup: true, activationEvent: '*', root cause: vscode.github
[2022-01-04 20:04:47.793] [exthost] [info] ExtensionService#_doActivateExtension DivyanshuAgrawal.competitive-programming-helper, startup: true, activationEvent: '*'
[2022-01-04 20:04:47.800] [exthost] [info] ExtensionService#_doActivateExtension Janne252.fontawesome-autocomplete, startup: true, activationEvent: '*'
[2022-01-04 20:04:47.853] [exthost] [info] ExtensionService#_doActivateExtension ms-vsliveshare.vsliveshare, startup: true, activationEvent: '*', root cause: ms-vsliveshare.vsliveshare-audio
[2022-01-04 20:04:48.119] [exthost] [info] ExtensionService#_doActivateExtension mtxr.sqltools, startup: true, activationEvent: '*', root cause: mtxr.sqltools-driver-mysql
[2022-01-04 20:04:48.150] [exthost] [info] ExtensionService#_doActivateExtension ritwickdey.LiveServer, startup: true, activationEvent: '*'
[2022-01-04 20:04:48.366] [exthost] [info] ExtensionService#_doActivateExtension ms-dotnettools.csharp, startup: true, activationEvent: '*', root cause: Unity.unity-debug
[2022-01-04 20:04:50.039] [exthost] [info] ExtensionService#_doActivateExtension vscode.github-authentication, startup: false, activationEvent: 'onAuthenticationRequest:github'
[2022-01-04 20:04:52.437] [exthost] [info] ExtensionService#_doActivateExtension vscode.git, startup: true, activationEvent: '*'
[2022-01-04 20:04:52.463] [exthost] [info] ExtensionService#_doActivateExtension vscode.github, startup: true, activationEvent: '*'
[2022-01-04 20:04:52.468] [exthost] [info] ExtensionService#_doActivateExtension ms-vsliveshare.vsliveshare-audio, startup: true, activationEvent: '*'
[2022-01-04 20:04:52.715] [exthost] [info] ExtensionService#_doActivateExtension mtxr.sqltools-driver-mysql, startup: true, activationEvent: '*'
[2022-01-04 20:04:52.717] [exthost] [info] ExtensionService#_doActivateExtension Unity.unity-debug, startup: true, activationEvent: '*'
[2022-01-04 20:04:54.853] [exthost] [info] Eager extensions activated
[2022-01-04 20:04:55.078] [exthost] [info] ExtensionService#_doActivateExtension vscode.emmet, startup: false, activationEvent: 'onStartupFinished'
[2022-01-04 20:04:55.084] [exthost] [info] ExtensionService#_doActivateExtension vscode.merge-conflict, startup: false, activationEvent: 'onStartupFinished'
[2022-01-04 20:04:55.086] [exthost] [info] ExtensionService#_doActivateExtension ms-vscode-remote.remote-containers, startup: false, activationEvent: 'onStartupFinished'
[2022-01-04 20:04:55.124] [exthost] [info] ExtensionService#_doActivateExtension ms-vscode-remote.remote-wsl, startup: false, activationEvent: 'onStartupFinished'
[2022-01-04 20:04:55.133] [exthost] [info] ExtensionService#_doActivateExtension PKief.material-icon-theme, startup: false, activationEvent: 'onStartupFinished'
[2022-01-04 20:06:47.739] [exthost] [info] extension host terminating: renderer closed the socket
[2022-01-04 20:06:52.780] [exthost] [info] Extension host with pid 419580 exiting with code 0
