[1641317903127] INFO  (ext): SQLTools is starting
[1641317903128] INFO  (ext): initializing language client...
[1641317903130] INFO  (ext): Registering client for languages [{"scheme":"sqltools"},{"language":"sql","scheme":"untitled"},{"language":"sql","scheme":"file"},{"language":"sql","scheme":"sqltools"}]
    ns: "lc"
[1641317903134] INFO  (ext): loading plugins...
[1641317903134] INFO  (ext): registering Formatter Plugin.
    plugin: {
      "name": "Formatter Plugin"
    }
[1641317903135] INFO  (ext): registering Connection Manager Plugin.
    plugin: {
      "name": "Connection Manager Plugin"
    }
[1641317903135] INFO  (ext): registering CodeLens Plugin.
    plugin: {
      "name": "CodeLens Plugin",
      "registeredLanguages": []
    }
[1641317903136] INFO  (ext): registering Dependency Manager Plugin.
    plugin: {
      "name": "Dependency Manager Plugin",
      "installingDrivers": []
    }
[1641317903140] INFO  (ext): Connection explorer changed. Will be updated.
    ns: "conn-man:explorer"
[1641317903140] INFO  (ext): registering History Manager Plugin.
    plugin: {
      "name": "History Manager Plugin"
    }
[1641317903141] INFO  (ext): registering Bookmarks Manager Plugin.
    plugin: {
      "name": "Bookmarks Manager Plugin"
    }
[1641317903142] INFO  (ext): SQLTools activation completed. 14.878385 ms
[1641317903156] INFO  (ext): Formatter Plugin registered!
[1641317903156] INFO  (ext): CodeLens Plugin registered!
[1641317903156] INFO  (ext): Dependency Manager Plugin registered!
[1641317903156] INFO  (ext): Connection Manager Plugin registered!
[1641317903156] INFO  (ext): History Manager Plugin registered!
[1641317903156] INFO  (ext): Bookmarks Manager Plugin registered!
[1641317903661] INFO  (ls): SQLTools Server started!
===============================
Using node runtime?: no
ExecPath: /opt/visual-studio-code/code 
===============================
[1641317903678] INFO  (ls): Telemetry enabled!
    ns: "telemetry"
[1641317903701] INFO  (ext): LanguageClient ready
    ns: "lc"
[1641317904157] INFO  (ext): EXECUTING COMMAND => sqltools.refreshTree
[1641317904157] INFO  (ext): Connection explorer changed. Will be updated.
    ns: "conn-man:explorer"
[1641317905186] INFO  (ext): Connection explorer changed. Will be updated.
    ns: "conn-man:explorer"
[1641317905199] INFO  (ext): registering MySQL/MariaDB Plugin (driver).
    plugin: {
      "extensionId": "mtxr.sqltools-driver-mysql",
      "name": "MySQL/MariaDB Plugin",
      "type": "driver"
    }
[1641317905200] INFO  (ls): REQUEST RECEIVED => ls/RegisterPlugin
[1641317905201] INFO  (ls): request to register plugin: "/home/shashank/.vscode/extensions/mtxr.sqltools-driver-mysql-0.2.0/out/ls/plugin.js"
[1641317905399] INFO  (ls): Driver mysql registered!
    place: "driver-map"
    ns: "ls-context"
[1641317905399] INFO  (ls): Driver mariadb registered!
    place: "driver-map"
    ns: "ls-context"
